2024-04-25 21:15:51: Using LR value from local bioencoder config: 0.3
2024-04-25 21:15:51: ############################################################### Training second stage  ################################################################
2024-04-25 21:15:51: Dataset:
{
    'data_dir': 'bioencoder_wd/data/lateral_train_epoch_100',
    'train': {'rn-images': 196, 'cw-images': 194},
    'val': {'rn-images': 22, 'cw-images': 21}
}
2024-04-25 21:15:51: Hyperparameters:
{
    'model': {
        'backbone': 'timm_tf_efficientnet_b5.ns_jft_in1k',
        'ckpt_pretrained': None,
        'num_classes': 2
    },
    'train': {
        'n_epochs': 100,
        'amp': True,
        'ema': True,
        'ema_decay_per_epoch': 0.4,
        'target_metric': 'accuracy',
        'stage': 'second'
    },
    'dataloaders': {
        'train_batch_size': 30,
        'valid_batch_size': 21,
        'num_workers': 0
    },
    'optimizer': {'name': 'SGD', 'params': {'lr': 0.3}},
    'scheduler': {
        'name': 'CosineAnnealingLR',
        'params': {'T_max': 100, 'eta_min': 0.002}
    },
    'criterion': {
        'name': 'LabelSmoothing',
        'params': {'classes': 100, 'smoothing': 0.01}
    },
    'img_size': 384,
    'augmentations': {
        'transforms': [
            {
                'RandomResizedCrop': {
                    'height': 384,
                    'width': 384,
                    'scale': (0.7, 1)
                }
            },
            {'Flip': None},
            {'RandomRotate90': None},
            {'MedianBlur': {'blur_limit': 3, 'p': 0.3}},
            {'ShiftScaleRotate': {'p': 0.4}},
            {'OpticalDistortion': None},
            {'GridDistortion': None},
            {'HueSaturationValue': None}
        ]
    }
}
2024-04-25 21:15:52: Loading pretrained weights from Hugging Face hub (timm/tf_efficientnet_b5.ns_jft_in1k)
2024-04-25 21:15:53: [timm/tf_efficientnet_b5.ns_jft_in1k] Safe alternative available for 'pytorch_model.bin' (as 'model.safetensors'). Loading weights using safetensors.
2024-04-25 21:15:55: ------------------------------------------------------------------- START - Epoch 0 -------------------------------------------------------------------
2024-04-25 21:16:17: Summary epoch 0:
train time 20.24
valid time 1.49
train loss 0.38
valid acc dict {
    'loss': 0.20118054375052452,
    'accuracy': 0.9285714285714286,
    'f1_scores': array([0.93023256, 0.92682927]),
    'f1_score_macro': 0.9285309132161089
}
2024-04-25 21:16:17: accuracy increased (0.000000 --> 0.928571).  Saving model ...
2024-04-25 21:16:17: -------------------------------------------------------------------- END - Epoch 0 --------------------------------------------------------------------
2024-04-25 21:16:17: ------------------------------------------------------------------- START - Epoch 1 -------------------------------------------------------------------
2024-04-25 21:16:31: Summary epoch 1:
train time 13.49
valid time 0.60
train loss 0.11
valid acc dict {
    'loss': 0.1622987724840641,
    'accuracy': 0.9285714285714286,
    'f1_scores': array([0.93023256, 0.92682927]),
    'f1_score_macro': 0.9285309132161089
}
2024-04-25 21:16:31: accuracy increased (0.928571 --> 0.928571).  Saving model ...
2024-04-25 21:16:32: -------------------------------------------------------------------- END - Epoch 1 --------------------------------------------------------------------
2024-04-25 21:16:32: ------------------------------------------------------------------- START - Epoch 2 -------------------------------------------------------------------
2024-04-25 21:16:42: Summary epoch 2:
train time 9.36
valid time 0.90
train loss 0.07
valid acc dict {
    'loss': 0.14939194172620773,
    'accuracy': 0.9285714285714286,
    'f1_scores': array([0.93023256, 0.92682927]),
    'f1_score_macro': 0.9285309132161089
}
2024-04-25 21:16:42: accuracy increased (0.928571 --> 0.928571).  Saving model ...
2024-04-25 21:16:42: -------------------------------------------------------------------- END - Epoch 2 --------------------------------------------------------------------
2024-04-25 21:16:42: ------------------------------------------------------------------- START - Epoch 3 -------------------------------------------------------------------
2024-04-25 21:16:56: Summary epoch 3:
train time 12.73
valid time 0.65
train loss 0.08
valid acc dict {
    'loss': 0.14802735671401024,
    'accuracy': 0.9285714285714286,
    'f1_scores': array([0.93023256, 0.92682927]),
    'f1_score_macro': 0.9285309132161089
}
2024-04-25 21:16:56: accuracy increased (0.928571 --> 0.928571).  Saving model ...
2024-04-25 21:16:56: -------------------------------------------------------------------- END - Epoch 3 --------------------------------------------------------------------
2024-04-25 21:16:56: ------------------------------------------------------------------- START - Epoch 4 -------------------------------------------------------------------
2024-04-25 21:17:10: Summary epoch 4:
train time 12.02
valid time 1.65
train loss 0.07
valid acc dict {
    'loss': 0.16157057136297226,
    'accuracy': 0.9285714285714286,
    'f1_scores': array([0.93023256, 0.92682927]),
    'f1_score_macro': 0.9285309132161089
}
2024-04-25 21:17:10: accuracy increased (0.928571 --> 0.928571).  Saving model ...
2024-04-25 21:17:10: -------------------------------------------------------------------- END - Epoch 4 --------------------------------------------------------------------
2024-04-25 21:17:10: ------------------------------------------------------------------- START - Epoch 5 -------------------------------------------------------------------
2024-04-25 21:17:22: Summary epoch 5:
train time 11.32
valid time 0.78
train loss 0.08
valid acc dict {
    'loss': 0.16021334007382393,
    'accuracy': 0.9285714285714286,
    'f1_scores': array([0.93023256, 0.92682927]),
    'f1_score_macro': 0.9285309132161089
}
2024-04-25 21:17:22: accuracy increased (0.928571 --> 0.928571).  Saving model ...
2024-04-25 21:17:23: -------------------------------------------------------------------- END - Epoch 5 --------------------------------------------------------------------
2024-04-25 21:17:23: ------------------------------------------------------------------- START - Epoch 6 -------------------------------------------------------------------
2024-04-25 21:17:36: Summary epoch 6:
train time 12.75
valid time 0.54
train loss 0.11
valid acc dict {
    'loss': 0.15277783572673798,
    'accuracy': 0.9285714285714286,
    'f1_scores': array([0.93023256, 0.92682927]),
    'f1_score_macro': 0.9285309132161089
}
2024-04-25 21:17:36: accuracy increased (0.928571 --> 0.928571).  Saving model ...
2024-04-25 21:17:36: -------------------------------------------------------------------- END - Epoch 6 --------------------------------------------------------------------
2024-04-25 21:17:36: ------------------------------------------------------------------- START - Epoch 7 -------------------------------------------------------------------
2024-04-25 21:17:46: Summary epoch 7:
train time 7.75
valid time 2.04
train loss 0.05
valid acc dict {
    'loss': 0.14535391330718994,
    'accuracy': 0.9285714285714286,
    'f1_scores': array([0.93023256, 0.92682927]),
    'f1_score_macro': 0.9285309132161089
}
2024-04-25 21:17:46: accuracy increased (0.928571 --> 0.928571).  Saving model ...
2024-04-25 21:17:46: -------------------------------------------------------------------- END - Epoch 7 --------------------------------------------------------------------
2024-04-25 21:17:46: ------------------------------------------------------------------- START - Epoch 8 -------------------------------------------------------------------
2024-04-25 21:18:00: Summary epoch 8:
train time 10.98
valid time 2.59
train loss 0.09
valid acc dict {
    'loss': 0.15176701173186302,
    'accuracy': 0.9285714285714286,
    'f1_scores': array([0.93023256, 0.92682927]),
    'f1_score_macro': 0.9285309132161089
}
2024-04-25 21:18:00: accuracy increased (0.928571 --> 0.928571).  Saving model ...
2024-04-25 21:18:01: -------------------------------------------------------------------- END - Epoch 8 --------------------------------------------------------------------
2024-04-25 21:18:01: ------------------------------------------------------------------- START - Epoch 9 -------------------------------------------------------------------
2024-04-25 21:18:22: Summary epoch 9:
train time 17.44
valid time 3.51
train loss 0.07
valid acc dict {
    'loss': 0.14638440310955048,
    'accuracy': 0.9285714285714286,
    'f1_scores': array([0.93023256, 0.92682927]),
    'f1_score_macro': 0.9285309132161089
}
2024-04-25 21:18:22: accuracy increased (0.928571 --> 0.928571).  Saving model ...
2024-04-25 21:18:22: -------------------------------------------------------------------- END - Epoch 9 --------------------------------------------------------------------
2024-04-25 21:18:22: ------------------------------------------------------------------ START - Epoch 10 -------------------------------------------------------------------
2024-04-25 21:18:39: Summary epoch 10:
train time 12.89
valid time 3.88
train loss 0.06
valid acc dict {
    'loss': 0.13919508829712868,
    'accuracy': 0.9285714285714286,
    'f1_scores': array([0.93023256, 0.92682927]),
    'f1_score_macro': 0.9285309132161089
}
2024-04-25 21:18:39: accuracy increased (0.928571 --> 0.928571).  Saving model ...
2024-04-25 21:18:40: ------------------------------------------------------------------- END - Epoch 10 --------------------------------------------------------------------
2024-04-25 21:18:40: ------------------------------------------------------------------ START - Epoch 11 -------------------------------------------------------------------
2024-04-25 21:18:52: Summary epoch 11:
train time 11.40
valid time 0.41
train loss 0.04
valid acc dict {
    'loss': 0.1366375871002674,
    'accuracy': 0.9285714285714286,
    'f1_scores': array([0.93023256, 0.92682927]),
    'f1_score_macro': 0.9285309132161089
}
2024-04-25 21:18:52: accuracy increased (0.928571 --> 0.928571).  Saving model ...
2024-04-25 21:18:52: ------------------------------------------------------------------- END - Epoch 11 --------------------------------------------------------------------
2024-04-25 21:18:52: ------------------------------------------------------------------ START - Epoch 12 -------------------------------------------------------------------
2024-04-25 21:19:02: Summary epoch 12:
train time 8.46
valid time 1.83
train loss 0.06
valid acc dict {
    'loss': 0.14835787191987038,
    'accuracy': 0.9285714285714286,
    'f1_scores': array([0.93023256, 0.92682927]),
    'f1_score_macro': 0.9285309132161089
}
2024-04-25 21:19:02: accuracy increased (0.928571 --> 0.928571).  Saving model ...
2024-04-25 21:19:03: ------------------------------------------------------------------- END - Epoch 12 --------------------------------------------------------------------
2024-04-25 21:19:03: ------------------------------------------------------------------ START - Epoch 13 -------------------------------------------------------------------
2024-04-25 21:19:16: Summary epoch 13:
train time 12.08
valid time 1.05
train loss 0.08
valid acc dict {
    'loss': 0.13644850254058838,
    'accuracy': 0.9285714285714286,
    'f1_scores': array([0.93023256, 0.92682927]),
    'f1_score_macro': 0.9285309132161089
}
2024-04-25 21:19:16: accuracy increased (0.928571 --> 0.928571).  Saving model ...
2024-04-25 21:19:16: ------------------------------------------------------------------- END - Epoch 13 --------------------------------------------------------------------
2024-04-25 21:19:16: ------------------------------------------------------------------ START - Epoch 14 -------------------------------------------------------------------
2024-04-25 21:19:29: Summary epoch 14:
train time 11.24
valid time 0.98
train loss 0.05
valid acc dict {
    'loss': 0.1266971491277218,
    'accuracy': 0.9285714285714286,
    'f1_scores': array([0.93023256, 0.92682927]),
    'f1_score_macro': 0.9285309132161089
}
2024-04-25 21:19:29: accuracy increased (0.928571 --> 0.928571).  Saving model ...
2024-04-25 21:19:29: ------------------------------------------------------------------- END - Epoch 14 --------------------------------------------------------------------
2024-04-25 21:19:29: ------------------------------------------------------------------ START - Epoch 15 -------------------------------------------------------------------
2024-04-25 21:19:40: Summary epoch 15:
train time 10.71
valid time 0.44
train loss 0.08
valid acc dict {
    'loss': 0.1293962337076664,
    'accuracy': 0.9285714285714286,
    'f1_scores': array([0.93023256, 0.92682927]),
    'f1_score_macro': 0.9285309132161089
}
2024-04-25 21:19:40: accuracy increased (0.928571 --> 0.928571).  Saving model ...
2024-04-25 21:19:40: ------------------------------------------------------------------- END - Epoch 15 --------------------------------------------------------------------
2024-04-25 21:19:40: ------------------------------------------------------------------ START - Epoch 16 -------------------------------------------------------------------
2024-04-25 21:19:50: Summary epoch 16:
train time 8.99
valid time 0.51
train loss 0.05
valid acc dict {
    'loss': 0.12414033338427544,
    'accuracy': 0.9285714285714286,
    'f1_scores': array([0.93023256, 0.92682927]),
    'f1_score_macro': 0.9285309132161089
}
2024-04-25 21:19:50: accuracy increased (0.928571 --> 0.928571).  Saving model ...
2024-04-25 21:19:50: ------------------------------------------------------------------- END - Epoch 16 --------------------------------------------------------------------
2024-04-25 21:19:50: ------------------------------------------------------------------ START - Epoch 17 -------------------------------------------------------------------
2024-04-25 21:20:05: Summary epoch 17:
train time 14.48
valid time 0.75
train loss 0.05
valid acc dict {
    'loss': 0.11954381689429283,
    'accuracy': 0.9285714285714286,
    'f1_scores': array([0.93023256, 0.92682927]),
    'f1_score_macro': 0.9285309132161089
}
2024-04-25 21:20:05: accuracy increased (0.928571 --> 0.928571).  Saving model ...
2024-04-25 21:20:06: ------------------------------------------------------------------- END - Epoch 17 --------------------------------------------------------------------
2024-04-25 21:20:06: ------------------------------------------------------------------ START - Epoch 18 -------------------------------------------------------------------
2024-04-25 21:20:24: Summary epoch 18:
train time 15.11
valid time 2.56
train loss 0.06
valid acc dict {
    'loss': 0.17505093663930893,
    'accuracy': 0.9285714285714286,
    'f1_scores': array([0.93023256, 0.92682927]),
    'f1_score_macro': 0.9285309132161089
}
2024-04-25 21:20:24: accuracy increased (0.928571 --> 0.928571).  Saving model ...
2024-04-25 21:20:25: ------------------------------------------------------------------- END - Epoch 18 --------------------------------------------------------------------
2024-04-25 21:20:25: ------------------------------------------------------------------ START - Epoch 19 -------------------------------------------------------------------
2024-04-25 21:20:45: Summary epoch 19:
train time 16.66
valid time 2.99
train loss 0.07
valid acc dict {
    'loss': 0.13680768385529518,
    'accuracy': 0.9285714285714286,
    'f1_scores': array([0.93023256, 0.92682927]),
    'f1_score_macro': 0.9285309132161089
}
2024-04-25 21:20:45: accuracy increased (0.928571 --> 0.928571).  Saving model ...
2024-04-25 21:20:45: ------------------------------------------------------------------- END - Epoch 19 --------------------------------------------------------------------
2024-04-25 21:20:45: ------------------------------------------------------------------ START - Epoch 20 -------------------------------------------------------------------
2024-04-25 21:21:01: Summary epoch 20:
train time 15.17
valid time 0.97
train loss 0.06
valid acc dict {
    'loss': 0.14801253378391266,
    'accuracy': 0.9285714285714286,
    'f1_scores': array([0.93023256, 0.92682927]),
    'f1_score_macro': 0.9285309132161089
}
2024-04-25 21:21:01: accuracy increased (0.928571 --> 0.928571).  Saving model ...
2024-04-25 21:21:02: ------------------------------------------------------------------- END - Epoch 20 --------------------------------------------------------------------
2024-04-25 21:21:02: ------------------------------------------------------------------ START - Epoch 21 -------------------------------------------------------------------
2024-04-25 21:21:15: Summary epoch 21:
train time 12.57
valid time 0.99
train loss 0.05
valid acc dict {
    'loss': 0.12344283238053322,
    'accuracy': 0.9285714285714286,
    'f1_scores': array([0.93023256, 0.92682927]),
    'f1_score_macro': 0.9285309132161089
}
2024-04-25 21:21:15: accuracy increased (0.928571 --> 0.928571).  Saving model ...
2024-04-25 21:21:15: ------------------------------------------------------------------- END - Epoch 21 --------------------------------------------------------------------
2024-04-25 21:21:15: ------------------------------------------------------------------ START - Epoch 22 -------------------------------------------------------------------
2024-04-25 21:21:34: Summary epoch 22:
train time 17.63
valid time 0.71
train loss 0.05
valid acc dict {
    'loss': 0.13491271808743477,
    'accuracy': 0.9285714285714286,
    'f1_scores': array([0.93023256, 0.92682927]),
    'f1_score_macro': 0.9285309132161089
}
2024-04-25 21:21:34: accuracy increased (0.928571 --> 0.928571).  Saving model ...
2024-04-25 21:21:34: ------------------------------------------------------------------- END - Epoch 22 --------------------------------------------------------------------
2024-04-25 21:21:34: ------------------------------------------------------------------ START - Epoch 23 -------------------------------------------------------------------
2024-04-25 21:21:50: Summary epoch 23:
train time 14.39
valid time 0.84
train loss 0.07
valid acc dict {
    'loss': 0.12767944112420082,
    'accuracy': 0.9285714285714286,
    'f1_scores': array([0.93023256, 0.92682927]),
    'f1_score_macro': 0.9285309132161089
}
2024-04-25 21:21:50: accuracy increased (0.928571 --> 0.928571).  Saving model ...
2024-04-25 21:21:50: ------------------------------------------------------------------- END - Epoch 23 --------------------------------------------------------------------
2024-04-25 21:21:50: ------------------------------------------------------------------ START - Epoch 24 -------------------------------------------------------------------
2024-04-25 21:22:01: Summary epoch 24:
train time 8.70
valid time 1.63
train loss 0.05
valid acc dict {
    'loss': 0.1515851505100727,
    'accuracy': 0.9285714285714286,
    'f1_scores': array([0.93023256, 0.92682927]),
    'f1_score_macro': 0.9285309132161089
}
2024-04-25 21:22:01: accuracy increased (0.928571 --> 0.928571).  Saving model ...
2024-04-25 21:22:01: ------------------------------------------------------------------- END - Epoch 24 --------------------------------------------------------------------
2024-04-25 21:22:01: ------------------------------------------------------------------ START - Epoch 25 -------------------------------------------------------------------
2024-04-25 21:22:13: Summary epoch 25:
train time 11.07
valid time 0.81
train loss 0.05
valid acc dict {
    'loss': 0.13060485944151878,
    'accuracy': 0.9285714285714286,
    'f1_scores': array([0.93023256, 0.92682927]),
    'f1_score_macro': 0.9285309132161089
}
2024-04-25 21:22:13: accuracy increased (0.928571 --> 0.928571).  Saving model ...
2024-04-25 21:22:13: ------------------------------------------------------------------- END - Epoch 25 --------------------------------------------------------------------
2024-04-25 21:22:13: ------------------------------------------------------------------ START - Epoch 26 -------------------------------------------------------------------
2024-04-25 21:22:25: Summary epoch 26:
train time 11.71
valid time 0.45
train loss 0.06
valid acc dict {
    'loss': 0.14759906008839607,
    'accuracy': 0.9285714285714286,
    'f1_scores': array([0.93023256, 0.92682927]),
    'f1_score_macro': 0.9285309132161089
}
2024-04-25 21:22:25: accuracy increased (0.928571 --> 0.928571).  Saving model ...
2024-04-25 21:22:25: ------------------------------------------------------------------- END - Epoch 26 --------------------------------------------------------------------
2024-04-25 21:22:25: ------------------------------------------------------------------ START - Epoch 27 -------------------------------------------------------------------
2024-04-25 21:22:41: Summary epoch 27:
train time 14.83
valid time 1.04
train loss 0.08
valid acc dict {
    'loss': 0.15132378786802292,
    'accuracy': 0.9285714285714286,
    'f1_scores': array([0.93023256, 0.92682927]),
    'f1_score_macro': 0.9285309132161089
}
2024-04-25 21:22:41: accuracy increased (0.928571 --> 0.928571).  Saving model ...
2024-04-25 21:22:42: ------------------------------------------------------------------- END - Epoch 27 --------------------------------------------------------------------
2024-04-25 21:22:42: ------------------------------------------------------------------ START - Epoch 28 -------------------------------------------------------------------
2024-04-25 21:22:53: Summary epoch 28:
train time 10.80
valid time 0.43
train loss 0.04
valid acc dict {
    'loss': 0.12338252365589142,
    'accuracy': 0.9285714285714286,
    'f1_scores': array([0.93023256, 0.92682927]),
    'f1_score_macro': 0.9285309132161089
}
2024-04-25 21:22:53: accuracy increased (0.928571 --> 0.928571).  Saving model ...
2024-04-25 21:22:53: ------------------------------------------------------------------- END - Epoch 28 --------------------------------------------------------------------
2024-04-25 21:22:53: ------------------------------------------------------------------ START - Epoch 29 -------------------------------------------------------------------
2024-04-25 21:23:03: Summary epoch 29:
train time 8.63
valid time 0.87
train loss 0.11
valid acc dict {
    'loss': 0.13060369342565536,
    'accuracy': 0.9285714285714286,
    'f1_scores': array([0.93023256, 0.92682927]),
    'f1_score_macro': 0.9285309132161089
}
2024-04-25 21:23:03: accuracy increased (0.928571 --> 0.928571).  Saving model ...
2024-04-25 21:23:03: ------------------------------------------------------------------- END - Epoch 29 --------------------------------------------------------------------
2024-04-25 21:23:03: ------------------------------------------------------------------ START - Epoch 30 -------------------------------------------------------------------
2024-04-25 21:23:13: Summary epoch 30:
train time 8.79
valid time 0.92
train loss 0.06
valid acc dict {
    'loss': 0.14501259848475456,
    'accuracy': 0.9285714285714286,
    'f1_scores': array([0.93023256, 0.92682927]),
    'f1_score_macro': 0.9285309132161089
}
2024-04-25 21:23:13: accuracy increased (0.928571 --> 0.928571).  Saving model ...
2024-04-25 21:23:13: ------------------------------------------------------------------- END - Epoch 30 --------------------------------------------------------------------
2024-04-25 21:23:13: ------------------------------------------------------------------ START - Epoch 31 -------------------------------------------------------------------
2024-04-25 21:23:25: Summary epoch 31:
train time 10.06
valid time 1.82
train loss 0.04
valid acc dict {
    'loss': 0.13814736530184746,
    'accuracy': 0.9285714285714286,
    'f1_scores': array([0.93023256, 0.92682927]),
    'f1_score_macro': 0.9285309132161089
}
2024-04-25 21:23:25: accuracy increased (0.928571 --> 0.928571).  Saving model ...
2024-04-25 21:23:25: ------------------------------------------------------------------- END - Epoch 31 --------------------------------------------------------------------
2024-04-25 21:23:25: ------------------------------------------------------------------ START - Epoch 32 -------------------------------------------------------------------
2024-04-25 21:23:41: Summary epoch 32:
train time 15.31
valid time 1.05
train loss 0.07
valid acc dict {
    'loss': 0.15937280654907227,
    'accuracy': 0.9285714285714286,
    'f1_scores': array([0.93023256, 0.92682927]),
    'f1_score_macro': 0.9285309132161089
}
2024-04-25 21:23:41: accuracy increased (0.928571 --> 0.928571).  Saving model ...
2024-04-25 21:23:42: ------------------------------------------------------------------- END - Epoch 32 --------------------------------------------------------------------
2024-04-25 21:23:42: ------------------------------------------------------------------ START - Epoch 33 -------------------------------------------------------------------
2024-04-25 21:23:57: Summary epoch 33:
train time 13.43
valid time 2.10
train loss 0.05
valid acc dict {
    'loss': 0.1461254246532917,
    'accuracy': 0.9285714285714286,
    'f1_scores': array([0.93023256, 0.92682927]),
    'f1_score_macro': 0.9285309132161089
}
2024-04-25 21:23:57: accuracy increased (0.928571 --> 0.928571).  Saving model ...
2024-04-25 21:23:58: ------------------------------------------------------------------- END - Epoch 33 --------------------------------------------------------------------
2024-04-25 21:23:58: ------------------------------------------------------------------ START - Epoch 34 -------------------------------------------------------------------
2024-04-25 21:24:13: Summary epoch 34:
train time 14.06
valid time 1.15
train loss 0.04
valid acc dict {
    'loss': 0.14423244073987007,
    'accuracy': 0.9285714285714286,
    'f1_scores': array([0.93023256, 0.92682927]),
    'f1_score_macro': 0.9285309132161089
}
2024-04-25 21:24:13: accuracy increased (0.928571 --> 0.928571).  Saving model ...
2024-04-25 21:24:13: ------------------------------------------------------------------- END - Epoch 34 --------------------------------------------------------------------
2024-04-25 21:24:13: ------------------------------------------------------------------ START - Epoch 35 -------------------------------------------------------------------
2024-04-25 21:24:25: Summary epoch 35:
train time 8.67
valid time 3.24
train loss 0.05
valid acc dict {
    'loss': 0.15116291865706444,
    'accuracy': 0.9285714285714286,
    'f1_scores': array([0.93023256, 0.92682927]),
    'f1_score_macro': 0.9285309132161089
}
2024-04-25 21:24:25: accuracy increased (0.928571 --> 0.928571).  Saving model ...
2024-04-25 21:24:26: ------------------------------------------------------------------- END - Epoch 35 --------------------------------------------------------------------
2024-04-25 21:24:26: ------------------------------------------------------------------ START - Epoch 36 -------------------------------------------------------------------
2024-04-25 21:24:39: Summary epoch 36:
train time 13.11
valid time 0.39
train loss 0.04
valid acc dict {
    'loss': 0.1418076641857624,
    'accuracy': 0.9285714285714286,
    'f1_scores': array([0.93023256, 0.92682927]),
    'f1_score_macro': 0.9285309132161089
}
2024-04-25 21:24:39: accuracy increased (0.928571 --> 0.928571).  Saving model ...
2024-04-25 21:24:39: ------------------------------------------------------------------- END - Epoch 36 --------------------------------------------------------------------
2024-04-25 21:24:39: ------------------------------------------------------------------ START - Epoch 37 -------------------------------------------------------------------
2024-04-25 21:24:50: Summary epoch 37:
train time 10.09
valid time 0.73
train loss 0.07
valid acc dict {
    'loss': 0.1346258781850338,
    'accuracy': 0.9285714285714286,
    'f1_scores': array([0.93023256, 0.92682927]),
    'f1_score_macro': 0.9285309132161089
}
2024-04-25 21:24:50: accuracy increased (0.928571 --> 0.928571).  Saving model ...
2024-04-25 21:24:50: ------------------------------------------------------------------- END - Epoch 37 --------------------------------------------------------------------
2024-04-25 21:24:50: ------------------------------------------------------------------ START - Epoch 38 -------------------------------------------------------------------
2024-04-25 21:25:02: Summary epoch 38:
train time 9.71
valid time 1.92
train loss 0.05
valid acc dict {
    'loss': 0.14799677580595016,
    'accuracy': 0.9285714285714286,
    'f1_scores': array([0.93023256, 0.92682927]),
    'f1_score_macro': 0.9285309132161089
}
2024-04-25 21:25:02: accuracy increased (0.928571 --> 0.928571).  Saving model ...
2024-04-25 21:25:03: ------------------------------------------------------------------- END - Epoch 38 --------------------------------------------------------------------
2024-04-25 21:25:03: ------------------------------------------------------------------ START - Epoch 39 -------------------------------------------------------------------
2024-04-25 21:25:16: Summary epoch 39:
train time 9.51
valid time 3.68
train loss 0.05
valid acc dict {
    'loss': 0.15802397578954697,
    'accuracy': 0.9285714285714286,
    'f1_scores': array([0.93023256, 0.92682927]),
    'f1_score_macro': 0.9285309132161089
}
2024-04-25 21:25:16: accuracy increased (0.928571 --> 0.928571).  Saving model ...
2024-04-25 21:25:17: ------------------------------------------------------------------- END - Epoch 39 --------------------------------------------------------------------
2024-04-25 21:25:17: ------------------------------------------------------------------ START - Epoch 40 -------------------------------------------------------------------
2024-04-25 21:25:29: Summary epoch 40:
train time 11.79
valid time 0.59
train loss 0.05
valid acc dict {
    'loss': 0.14873958751559258,
    'accuracy': 0.9285714285714286,
    'f1_scores': array([0.93023256, 0.92682927]),
    'f1_score_macro': 0.9285309132161089
}
2024-04-25 21:25:29: accuracy increased (0.928571 --> 0.928571).  Saving model ...
2024-04-25 21:25:30: ------------------------------------------------------------------- END - Epoch 40 --------------------------------------------------------------------
2024-04-25 21:25:30: ------------------------------------------------------------------ START - Epoch 41 -------------------------------------------------------------------
2024-04-25 21:25:47: Summary epoch 41:
train time 14.56
valid time 3.15
train loss 0.06
valid acc dict {
    'loss': 0.1426302045583725,
    'accuracy': 0.9285714285714286,
    'f1_scores': array([0.93023256, 0.92682927]),
    'f1_score_macro': 0.9285309132161089
}
2024-04-25 21:25:47: accuracy increased (0.928571 --> 0.928571).  Saving model ...
2024-04-25 21:25:48: ------------------------------------------------------------------- END - Epoch 41 --------------------------------------------------------------------
2024-04-25 21:25:48: ------------------------------------------------------------------ START - Epoch 42 -------------------------------------------------------------------
2024-04-25 21:26:01: Summary epoch 42:
train time 12.32
valid time 0.81
train loss 0.03
valid acc dict {
    'loss': 0.14161161705851555,
    'accuracy': 0.9285714285714286,
    'f1_scores': array([0.93023256, 0.92682927]),
    'f1_score_macro': 0.9285309132161089
}
2024-04-25 21:26:01: accuracy increased (0.928571 --> 0.928571).  Saving model ...
2024-04-25 21:26:01: ------------------------------------------------------------------- END - Epoch 42 --------------------------------------------------------------------
2024-04-25 21:26:01: ------------------------------------------------------------------ START - Epoch 43 -------------------------------------------------------------------
2024-04-25 21:26:21: Summary epoch 43:
train time 16.74
valid time 3.16
train loss 0.08
valid acc dict {
    'loss': 0.15609553083777428,
    'accuracy': 0.9285714285714286,
    'f1_scores': array([0.93023256, 0.92682927]),
    'f1_score_macro': 0.9285309132161089
}
2024-04-25 21:26:21: accuracy increased (0.928571 --> 0.928571).  Saving model ...
2024-04-25 21:26:21: ------------------------------------------------------------------- END - Epoch 43 --------------------------------------------------------------------
2024-04-25 21:26:21: ------------------------------------------------------------------ START - Epoch 44 -------------------------------------------------------------------
2024-04-25 21:26:36: Summary epoch 44:
train time 13.17
valid time 1.00
train loss 0.05
valid acc dict {
    'loss': 0.17207907512784004,
    'accuracy': 0.9285714285714286,
    'f1_scores': array([0.93023256, 0.92682927]),
    'f1_score_macro': 0.9285309132161089
}
2024-04-25 21:26:36: accuracy increased (0.928571 --> 0.928571).  Saving model ...
2024-04-25 21:26:36: ------------------------------------------------------------------- END - Epoch 44 --------------------------------------------------------------------
2024-04-25 21:26:36: ------------------------------------------------------------------ START - Epoch 45 -------------------------------------------------------------------
2024-04-25 21:26:53: Summary epoch 45:
train time 15.43
valid time 1.99
train loss 0.06
valid acc dict {
    'loss': 0.1598116010427475,
    'accuracy': 0.9285714285714286,
    'f1_scores': array([0.93023256, 0.92682927]),
    'f1_score_macro': 0.9285309132161089
}
2024-04-25 21:26:53: accuracy increased (0.928571 --> 0.928571).  Saving model ...
2024-04-25 21:26:54: ------------------------------------------------------------------- END - Epoch 45 --------------------------------------------------------------------
2024-04-25 21:26:54: ------------------------------------------------------------------ START - Epoch 46 -------------------------------------------------------------------
2024-04-25 21:27:09: Summary epoch 46:
train time 13.49
valid time 1.38
train loss 0.03
valid acc dict {
    'loss': 0.14925827831029892,
    'accuracy': 0.9285714285714286,
    'f1_scores': array([0.93023256, 0.92682927]),
    'f1_score_macro': 0.9285309132161089
}
2024-04-25 21:27:09: accuracy increased (0.928571 --> 0.928571).  Saving model ...
2024-04-25 21:27:09: ------------------------------------------------------------------- END - Epoch 46 --------------------------------------------------------------------
2024-04-25 21:27:09: ------------------------------------------------------------------ START - Epoch 47 -------------------------------------------------------------------
2024-04-25 21:27:20: Summary epoch 47:
train time 9.38
valid time 0.90
train loss 0.03
valid acc dict {
    'loss': 0.15298223122954369,
    'accuracy': 0.9285714285714286,
    'f1_scores': array([0.93023256, 0.92682927]),
    'f1_score_macro': 0.9285309132161089
}
2024-04-25 21:27:20: accuracy increased (0.928571 --> 0.928571).  Saving model ...
2024-04-25 21:27:20: ------------------------------------------------------------------- END - Epoch 47 --------------------------------------------------------------------
2024-04-25 21:27:20: ------------------------------------------------------------------ START - Epoch 48 -------------------------------------------------------------------
2024-04-25 21:27:37: Summary epoch 48:
train time 15.34
valid time 1.40
train loss 0.04
valid acc dict {
    'loss': 0.15358416736125946,
    'accuracy': 0.9285714285714286,
    'f1_scores': array([0.93023256, 0.92682927]),
    'f1_score_macro': 0.9285309132161089
}
2024-04-25 21:27:37: accuracy increased (0.928571 --> 0.928571).  Saving model ...
2024-04-25 21:27:37: ------------------------------------------------------------------- END - Epoch 48 --------------------------------------------------------------------
2024-04-25 21:27:37: ------------------------------------------------------------------ START - Epoch 49 -------------------------------------------------------------------
2024-04-25 21:27:49: Summary epoch 49:
train time 11.13
valid time 0.46
train loss 0.06
valid acc dict {
    'loss': 0.15384704992175102,
    'accuracy': 0.9285714285714286,
    'f1_scores': array([0.93023256, 0.92682927]),
    'f1_score_macro': 0.9285309132161089
}
2024-04-25 21:27:49: accuracy increased (0.928571 --> 0.928571).  Saving model ...
2024-04-25 21:27:49: ------------------------------------------------------------------- END - Epoch 49 --------------------------------------------------------------------
2024-04-25 21:27:49: ------------------------------------------------------------------ START - Epoch 50 -------------------------------------------------------------------
2024-04-25 21:28:00: Summary epoch 50:
train time 10.63
valid time 0.95
train loss 0.05
valid acc dict {
    'loss': 0.15095144137740135,
    'accuracy': 0.9285714285714286,
    'f1_scores': array([0.93023256, 0.92682927]),
    'f1_score_macro': 0.9285309132161089
}
2024-04-25 21:28:00: accuracy increased (0.928571 --> 0.928571).  Saving model ...
2024-04-25 21:28:01: ------------------------------------------------------------------- END - Epoch 50 --------------------------------------------------------------------
2024-04-25 21:28:01: ------------------------------------------------------------------ START - Epoch 51 -------------------------------------------------------------------
2024-04-25 21:28:13: Summary epoch 51:
train time 11.17
valid time 1.08
train loss 0.08
valid acc dict {
    'loss': 0.1823561228811741,
    'accuracy': 0.9285714285714286,
    'f1_scores': array([0.93023256, 0.92682927]),
    'f1_score_macro': 0.9285309132161089
}
2024-04-25 21:28:13: accuracy increased (0.928571 --> 0.928571).  Saving model ...
2024-04-25 21:28:13: ------------------------------------------------------------------- END - Epoch 51 --------------------------------------------------------------------
2024-04-25 21:28:13: ------------------------------------------------------------------ START - Epoch 52 -------------------------------------------------------------------
2024-04-25 21:28:27: Summary epoch 52:
train time 10.75
valid time 2.50
train loss 0.03
valid acc dict {
    'loss': 0.16907347366213799,
    'accuracy': 0.9285714285714286,
    'f1_scores': array([0.93023256, 0.92682927]),
    'f1_score_macro': 0.9285309132161089
}
2024-04-25 21:28:27: accuracy increased (0.928571 --> 0.928571).  Saving model ...
2024-04-25 21:28:27: ------------------------------------------------------------------- END - Epoch 52 --------------------------------------------------------------------
2024-04-25 21:28:27: ------------------------------------------------------------------ START - Epoch 53 -------------------------------------------------------------------
2024-04-25 21:28:40: Summary epoch 53:
train time 12.25
valid time 1.07
train loss 0.05
valid acc dict {
    'loss': 0.14730044081807137,
    'accuracy': 0.9285714285714286,
    'f1_scores': array([0.93023256, 0.92682927]),
    'f1_score_macro': 0.9285309132161089
}
2024-04-25 21:28:40: accuracy increased (0.928571 --> 0.928571).  Saving model ...
2024-04-25 21:28:41: ------------------------------------------------------------------- END - Epoch 53 --------------------------------------------------------------------
2024-04-25 21:28:41: ------------------------------------------------------------------ START - Epoch 54 -------------------------------------------------------------------
2024-04-25 21:28:52: Summary epoch 54:
train time 9.12
valid time 2.00
train loss 0.06
valid acc dict {
    'loss': 0.17032747343182564,
    'accuracy': 0.9285714285714286,
    'f1_scores': array([0.93023256, 0.92682927]),
    'f1_score_macro': 0.9285309132161089
}
2024-04-25 21:28:52: accuracy increased (0.928571 --> 0.928571).  Saving model ...
2024-04-25 21:28:53: ------------------------------------------------------------------- END - Epoch 54 --------------------------------------------------------------------
2024-04-25 21:28:53: ------------------------------------------------------------------ START - Epoch 55 -------------------------------------------------------------------
2024-04-25 21:29:13: Summary epoch 55:
train time 18.24
valid time 1.17
train loss 0.04
valid acc dict {
    'loss': 0.169473297894001,
    'accuracy': 0.9285714285714286,
    'f1_scores': array([0.93023256, 0.92682927]),
    'f1_score_macro': 0.9285309132161089
}
2024-04-25 21:29:13: accuracy increased (0.928571 --> 0.928571).  Saving model ...
2024-04-25 21:29:13: ------------------------------------------------------------------- END - Epoch 55 --------------------------------------------------------------------
2024-04-25 21:29:13: ------------------------------------------------------------------ START - Epoch 56 -------------------------------------------------------------------
2024-04-25 21:29:23: Summary epoch 56:
train time 9.02
valid time 0.86
train loss 0.05
valid acc dict {
    'loss': 0.1615303009748459,
    'accuracy': 0.9285714285714286,
    'f1_scores': array([0.93023256, 0.92682927]),
    'f1_score_macro': 0.9285309132161089
}
2024-04-25 21:29:23: accuracy increased (0.928571 --> 0.928571).  Saving model ...
2024-04-25 21:29:23: ------------------------------------------------------------------- END - Epoch 56 --------------------------------------------------------------------
2024-04-25 21:29:23: ------------------------------------------------------------------ START - Epoch 57 -------------------------------------------------------------------
2024-04-25 21:29:34: Summary epoch 57:
train time 9.74
valid time 0.86
train loss 0.05
valid acc dict {
    'loss': 0.16369982436299324,
    'accuracy': 0.9285714285714286,
    'f1_scores': array([0.93023256, 0.92682927]),
    'f1_score_macro': 0.9285309132161089
}
2024-04-25 21:29:34: accuracy increased (0.928571 --> 0.928571).  Saving model ...
2024-04-25 21:29:34: ------------------------------------------------------------------- END - Epoch 57 --------------------------------------------------------------------
2024-04-25 21:29:34: ------------------------------------------------------------------ START - Epoch 58 -------------------------------------------------------------------
2024-04-25 21:29:45: Summary epoch 58:
train time 9.82
valid time 0.61
train loss 0.05
valid acc dict {
    'loss': 0.150510735809803,
    'accuracy': 0.9285714285714286,
    'f1_scores': array([0.93023256, 0.92682927]),
    'f1_score_macro': 0.9285309132161089
}
2024-04-25 21:29:45: accuracy increased (0.928571 --> 0.928571).  Saving model ...
2024-04-25 21:29:45: ------------------------------------------------------------------- END - Epoch 58 --------------------------------------------------------------------
2024-04-25 21:29:45: ------------------------------------------------------------------ START - Epoch 59 -------------------------------------------------------------------
2024-04-25 21:29:57: Summary epoch 59:
train time 11.83
valid time 0.73
train loss 0.06
valid acc dict {
    'loss': 0.1434360258281231,
    'accuracy': 0.9285714285714286,
    'f1_scores': array([0.93023256, 0.92682927]),
    'f1_score_macro': 0.9285309132161089
}
2024-04-25 21:29:57: accuracy increased (0.928571 --> 0.928571).  Saving model ...
2024-04-25 21:29:59: ------------------------------------------------------------------- END - Epoch 59 --------------------------------------------------------------------
2024-04-25 21:29:59: ------------------------------------------------------------------ START - Epoch 60 -------------------------------------------------------------------
2024-04-25 21:30:18: Summary epoch 60:
train time 14.83
valid time 3.92
train loss 0.06
valid acc dict {
    'loss': 0.1682789884507656,
    'accuracy': 0.9285714285714286,
    'f1_scores': array([0.93023256, 0.92682927]),
    'f1_score_macro': 0.9285309132161089
}
2024-04-25 21:30:18: accuracy increased (0.928571 --> 0.928571).  Saving model ...
2024-04-25 21:30:18: ------------------------------------------------------------------- END - Epoch 60 --------------------------------------------------------------------
2024-04-25 21:30:18: ------------------------------------------------------------------ START - Epoch 61 -------------------------------------------------------------------
2024-04-25 21:30:28: Summary epoch 61:
train time 8.76
valid time 0.77
train loss 0.04
valid acc dict {
    'loss': 0.14625483751296997,
    'accuracy': 0.9285714285714286,
    'f1_scores': array([0.93023256, 0.92682927]),
    'f1_score_macro': 0.9285309132161089
}
2024-04-25 21:30:28: accuracy increased (0.928571 --> 0.928571).  Saving model ...
2024-04-25 21:30:29: ------------------------------------------------------------------- END - Epoch 61 --------------------------------------------------------------------
2024-04-25 21:30:29: ------------------------------------------------------------------ START - Epoch 62 -------------------------------------------------------------------
2024-04-25 21:30:40: Summary epoch 62:
train time 8.23
valid time 2.76
train loss 0.03
valid acc dict {
    'loss': 0.1603955328464508,
    'accuracy': 0.9285714285714286,
    'f1_scores': array([0.93023256, 0.92682927]),
    'f1_score_macro': 0.9285309132161089
}
2024-04-25 21:30:40: accuracy increased (0.928571 --> 0.928571).  Saving model ...
2024-04-25 21:30:40: ------------------------------------------------------------------- END - Epoch 62 --------------------------------------------------------------------
2024-04-25 21:30:40: ------------------------------------------------------------------ START - Epoch 63 -------------------------------------------------------------------
2024-04-25 21:30:53: Summary epoch 63:
train time 10.90
valid time 1.50
train loss 0.05
valid acc dict {
    'loss': 0.15721088275313377,
    'accuracy': 0.9285714285714286,
    'f1_scores': array([0.93023256, 0.92682927]),
    'f1_score_macro': 0.9285309132161089
}
2024-04-25 21:30:53: accuracy increased (0.928571 --> 0.928571).  Saving model ...
2024-04-25 21:30:53: ------------------------------------------------------------------- END - Epoch 63 --------------------------------------------------------------------
2024-04-25 21:30:53: ------------------------------------------------------------------ START - Epoch 64 -------------------------------------------------------------------
2024-04-25 21:31:06: Summary epoch 64:
train time 11.71
valid time 1.40
train loss 0.06
valid acc dict {
    'loss': 0.13743305951356888,
    'accuracy': 0.9285714285714286,
    'f1_scores': array([0.93023256, 0.92682927]),
    'f1_score_macro': 0.9285309132161089
}
2024-04-25 21:31:06: accuracy increased (0.928571 --> 0.928571).  Saving model ...
2024-04-25 21:31:06: ------------------------------------------------------------------- END - Epoch 64 --------------------------------------------------------------------
2024-04-25 21:31:06: ------------------------------------------------------------------ START - Epoch 65 -------------------------------------------------------------------
2024-04-25 21:31:20: Summary epoch 65:
train time 12.64
valid time 1.34
train loss 0.06
valid acc dict {
    'loss': 0.1512322574853897,
    'accuracy': 0.9285714285714286,
    'f1_scores': array([0.93023256, 0.92682927]),
    'f1_score_macro': 0.9285309132161089
}
2024-04-25 21:31:20: accuracy increased (0.928571 --> 0.928571).  Saving model ...
2024-04-25 21:31:21: ------------------------------------------------------------------- END - Epoch 65 --------------------------------------------------------------------
2024-04-25 21:31:21: ------------------------------------------------------------------ START - Epoch 66 -------------------------------------------------------------------
2024-04-25 21:31:32: Summary epoch 66:
train time 10.70
valid time 0.86
train loss 0.03
valid acc dict {
    'loss': 0.15008438006043434,
    'accuracy': 0.9285714285714286,
    'f1_scores': array([0.93023256, 0.92682927]),
    'f1_score_macro': 0.9285309132161089
}
2024-04-25 21:31:32: accuracy increased (0.928571 --> 0.928571).  Saving model ...
2024-04-25 21:31:34: ------------------------------------------------------------------- END - Epoch 66 --------------------------------------------------------------------
2024-04-25 21:31:34: ------------------------------------------------------------------ START - Epoch 67 -------------------------------------------------------------------
2024-04-25 21:31:42: Summary epoch 67:
train time 7.96
valid time 0.62
train loss 0.05
valid acc dict {
    'loss': 0.1347162276506424,
    'accuracy': 0.9285714285714286,
    'f1_scores': array([0.93023256, 0.92682927]),
    'f1_score_macro': 0.9285309132161089
}
2024-04-25 21:31:42: accuracy increased (0.928571 --> 0.928571).  Saving model ...
2024-04-25 21:31:42: ------------------------------------------------------------------- END - Epoch 67 --------------------------------------------------------------------
2024-04-25 21:31:42: ------------------------------------------------------------------ START - Epoch 68 -------------------------------------------------------------------
2024-04-25 21:31:55: Summary epoch 68:
train time 11.30
valid time 1.33
train loss 0.04
valid acc dict {
    'loss': 0.13499800488352776,
    'accuracy': 0.9285714285714286,
    'f1_scores': array([0.93023256, 0.92682927]),
    'f1_score_macro': 0.9285309132161089
}
2024-04-25 21:31:55: accuracy increased (0.928571 --> 0.928571).  Saving model ...
2024-04-25 21:31:56: ------------------------------------------------------------------- END - Epoch 68 --------------------------------------------------------------------
2024-04-25 21:31:56: ------------------------------------------------------------------ START - Epoch 69 -------------------------------------------------------------------
2024-04-25 21:32:12: Summary epoch 69:
train time 12.14
valid time 3.26
train loss 0.04
valid acc dict {
    'loss': 0.15788983553647995,
    'accuracy': 0.9285714285714286,
    'f1_scores': array([0.93023256, 0.92682927]),
    'f1_score_macro': 0.9285309132161089
}
2024-04-25 21:32:12: accuracy increased (0.928571 --> 0.928571).  Saving model ...
2024-04-25 21:32:12: ------------------------------------------------------------------- END - Epoch 69 --------------------------------------------------------------------
2024-04-25 21:32:12: ------------------------------------------------------------------ START - Epoch 70 -------------------------------------------------------------------
2024-04-25 21:32:26: Summary epoch 70:
train time 12.34
valid time 1.54
train loss 0.04
valid acc dict {
    'loss': 0.15143191069364548,
    'accuracy': 0.9285714285714286,
    'f1_scores': array([0.93023256, 0.92682927]),
    'f1_score_macro': 0.9285309132161089
}
2024-04-25 21:32:26: accuracy increased (0.928571 --> 0.928571).  Saving model ...
2024-04-25 21:32:27: ------------------------------------------------------------------- END - Epoch 70 --------------------------------------------------------------------
2024-04-25 21:32:27: ------------------------------------------------------------------ START - Epoch 71 -------------------------------------------------------------------
2024-04-25 21:32:38: Summary epoch 71:
train time 10.63
valid time 1.07
train loss 0.06
valid acc dict {
    'loss': 0.1659945398569107,
    'accuracy': 0.9285714285714286,
    'f1_scores': array([0.93023256, 0.92682927]),
    'f1_score_macro': 0.9285309132161089
}
2024-04-25 21:32:38: accuracy increased (0.928571 --> 0.928571).  Saving model ...
2024-04-25 21:32:39: ------------------------------------------------------------------- END - Epoch 71 --------------------------------------------------------------------
2024-04-25 21:32:39: ------------------------------------------------------------------ START - Epoch 72 -------------------------------------------------------------------
2024-04-25 21:32:58: Summary epoch 72:
train time 18.92
valid time 0.62
train loss 0.03
valid acc dict {
    'loss': 0.139476977288723,
    'accuracy': 0.9285714285714286,
    'f1_scores': array([0.93023256, 0.92682927]),
    'f1_score_macro': 0.9285309132161089
}
2024-04-25 21:32:58: accuracy increased (0.928571 --> 0.928571).  Saving model ...
2024-04-25 21:32:59: ------------------------------------------------------------------- END - Epoch 72 --------------------------------------------------------------------
2024-04-25 21:32:59: ------------------------------------------------------------------ START - Epoch 73 -------------------------------------------------------------------
2024-04-25 21:33:11: Summary epoch 73:
train time 10.59
valid time 1.96
train loss 0.07
valid acc dict {
    'loss': 0.1320432536303997,
    'accuracy': 0.9285714285714286,
    'f1_scores': array([0.93023256, 0.92682927]),
    'f1_score_macro': 0.9285309132161089
}
2024-04-25 21:33:11: accuracy increased (0.928571 --> 0.928571).  Saving model ...
2024-04-25 21:33:11: ------------------------------------------------------------------- END - Epoch 73 --------------------------------------------------------------------
2024-04-25 21:33:11: ------------------------------------------------------------------ START - Epoch 74 -------------------------------------------------------------------
2024-04-25 21:33:26: Summary epoch 74:
train time 13.35
valid time 0.87
train loss 0.05
valid acc dict {
    'loss': 0.1424429528415203,
    'accuracy': 0.9285714285714286,
    'f1_scores': array([0.93023256, 0.92682927]),
    'f1_score_macro': 0.9285309132161089
}
2024-04-25 21:33:26: accuracy increased (0.928571 --> 0.928571).  Saving model ...
2024-04-25 21:33:26: ------------------------------------------------------------------- END - Epoch 74 --------------------------------------------------------------------
2024-04-25 21:33:26: ------------------------------------------------------------------ START - Epoch 75 -------------------------------------------------------------------
2024-04-25 21:33:37: Summary epoch 75:
train time 10.95
valid time 0.48
train loss 0.05
valid acc dict {
    'loss': 0.14937517791986465,
    'accuracy': 0.9285714285714286,
    'f1_scores': array([0.93023256, 0.92682927]),
    'f1_score_macro': 0.9285309132161089
}
2024-04-25 21:33:37: accuracy increased (0.928571 --> 0.928571).  Saving model ...
2024-04-25 21:33:38: ------------------------------------------------------------------- END - Epoch 75 --------------------------------------------------------------------
2024-04-25 21:33:38: ------------------------------------------------------------------ START - Epoch 76 -------------------------------------------------------------------
2024-04-25 21:33:47: Summary epoch 76:
train time 8.74
valid time 0.55
train loss 0.08
valid acc dict {
    'loss': 0.13965171948075294,
    'accuracy': 0.9285714285714286,
    'f1_scores': array([0.93023256, 0.92682927]),
    'f1_score_macro': 0.9285309132161089
}
2024-04-25 21:33:47: accuracy increased (0.928571 --> 0.928571).  Saving model ...
2024-04-25 21:33:48: ------------------------------------------------------------------- END - Epoch 76 --------------------------------------------------------------------
2024-04-25 21:33:48: ------------------------------------------------------------------ START - Epoch 77 -------------------------------------------------------------------
2024-04-25 21:33:55: Summary epoch 77:
train time 6.68
valid time 0.51
train loss 0.04
valid acc dict {
    'loss': 0.14285096898674965,
    'accuracy': 0.9285714285714286,
    'f1_scores': array([0.93023256, 0.92682927]),
    'f1_score_macro': 0.9285309132161089
}
2024-04-25 21:33:55: accuracy increased (0.928571 --> 0.928571).  Saving model ...
2024-04-25 21:33:55: ------------------------------------------------------------------- END - Epoch 77 --------------------------------------------------------------------
2024-04-25 21:33:55: ------------------------------------------------------------------ START - Epoch 78 -------------------------------------------------------------------
2024-04-25 21:34:04: Summary epoch 78:
train time 7.86
valid time 0.68
train loss 0.04
valid acc dict {
    'loss': 0.15271146968007088,
    'accuracy': 0.9285714285714286,
    'f1_scores': array([0.93023256, 0.92682927]),
    'f1_score_macro': 0.9285309132161089
}
2024-04-25 21:34:04: accuracy increased (0.928571 --> 0.928571).  Saving model ...
2024-04-25 21:34:04: ------------------------------------------------------------------- END - Epoch 78 --------------------------------------------------------------------
2024-04-25 21:34:04: ------------------------------------------------------------------ START - Epoch 79 -------------------------------------------------------------------
2024-04-25 21:34:18: Summary epoch 79:
train time 12.60
valid time 0.92
train loss 0.04
valid acc dict {
    'loss': 0.14582915604114532,
    'accuracy': 0.9285714285714286,
    'f1_scores': array([0.93023256, 0.92682927]),
    'f1_score_macro': 0.9285309132161089
}
2024-04-25 21:34:18: accuracy increased (0.928571 --> 0.928571).  Saving model ...
2024-04-25 21:34:18: ------------------------------------------------------------------- END - Epoch 79 --------------------------------------------------------------------
2024-04-25 21:34:18: ------------------------------------------------------------------ START - Epoch 80 -------------------------------------------------------------------
2024-04-25 21:34:28: Summary epoch 80:
train time 8.94
valid time 1.17
train loss 0.06
valid acc dict {
    'loss': 0.16754547506570816,
    'accuracy': 0.9285714285714286,
    'f1_scores': array([0.93023256, 0.92682927]),
    'f1_score_macro': 0.9285309132161089
}
2024-04-25 21:34:28: accuracy increased (0.928571 --> 0.928571).  Saving model ...
2024-04-25 21:34:28: ------------------------------------------------------------------- END - Epoch 80 --------------------------------------------------------------------
2024-04-25 21:34:28: ------------------------------------------------------------------ START - Epoch 81 -------------------------------------------------------------------
2024-04-25 21:34:38: Summary epoch 81:
train time 8.65
valid time 0.60
train loss 0.05
valid acc dict {
    'loss': 0.15034772083163261,
    'accuracy': 0.9285714285714286,
    'f1_scores': array([0.93023256, 0.92682927]),
    'f1_score_macro': 0.9285309132161089
}
2024-04-25 21:34:38: accuracy increased (0.928571 --> 0.928571).  Saving model ...
2024-04-25 21:34:38: ------------------------------------------------------------------- END - Epoch 81 --------------------------------------------------------------------
2024-04-25 21:34:38: ------------------------------------------------------------------ START - Epoch 82 -------------------------------------------------------------------
2024-04-25 21:34:54: Summary epoch 82:
train time 15.10
valid time 1.26
train loss 0.04
valid acc dict {
    'loss': 0.1319054178893566,
    'accuracy': 0.9285714285714286,
    'f1_scores': array([0.93023256, 0.92682927]),
    'f1_score_macro': 0.9285309132161089
}
2024-04-25 21:34:54: accuracy increased (0.928571 --> 0.928571).  Saving model ...
2024-04-25 21:34:55: ------------------------------------------------------------------- END - Epoch 82 --------------------------------------------------------------------
2024-04-25 21:34:55: ------------------------------------------------------------------ START - Epoch 83 -------------------------------------------------------------------
2024-04-25 21:35:04: Summary epoch 83:
train time 8.57
valid time 0.55
train loss 0.07
valid acc dict {
    'loss': 0.15436116978526115,
    'accuracy': 0.9285714285714286,
    'f1_scores': array([0.93023256, 0.92682927]),
    'f1_score_macro': 0.9285309132161089
}
2024-04-25 21:35:04: accuracy increased (0.928571 --> 0.928571).  Saving model ...
2024-04-25 21:35:04: ------------------------------------------------------------------- END - Epoch 83 --------------------------------------------------------------------
2024-04-25 21:35:04: ------------------------------------------------------------------ START - Epoch 84 -------------------------------------------------------------------
2024-04-25 21:35:16: Summary epoch 84:
train time 10.45
valid time 0.95
train loss 0.04
valid acc dict {
    'loss': 0.1480516940355301,
    'accuracy': 0.9285714285714286,
    'f1_scores': array([0.93023256, 0.92682927]),
    'f1_score_macro': 0.9285309132161089
}
2024-04-25 21:35:16: accuracy increased (0.928571 --> 0.928571).  Saving model ...
2024-04-25 21:35:16: ------------------------------------------------------------------- END - Epoch 84 --------------------------------------------------------------------
2024-04-25 21:35:16: ------------------------------------------------------------------ START - Epoch 85 -------------------------------------------------------------------
2024-04-25 21:35:24: Summary epoch 85:
train time 7.52
valid time 0.49
train loss 0.05
valid acc dict {
    'loss': 0.1567411944270134,
    'accuracy': 0.9285714285714286,
    'f1_scores': array([0.93023256, 0.92682927]),
    'f1_score_macro': 0.9285309132161089
}
2024-04-25 21:35:24: accuracy increased (0.928571 --> 0.928571).  Saving model ...
2024-04-25 21:35:25: ------------------------------------------------------------------- END - Epoch 85 --------------------------------------------------------------------
2024-04-25 21:35:25: ------------------------------------------------------------------ START - Epoch 86 -------------------------------------------------------------------
2024-04-25 21:35:37: Summary epoch 86:
train time 10.95
valid time 0.80
train loss 0.06
valid acc dict {
    'loss': 0.14530448243021965,
    'accuracy': 0.9285714285714286,
    'f1_scores': array([0.93023256, 0.92682927]),
    'f1_score_macro': 0.9285309132161089
}
2024-04-25 21:35:37: accuracy increased (0.928571 --> 0.928571).  Saving model ...
2024-04-25 21:35:37: ------------------------------------------------------------------- END - Epoch 86 --------------------------------------------------------------------
2024-04-25 21:35:37: ------------------------------------------------------------------ START - Epoch 87 -------------------------------------------------------------------
2024-04-25 21:35:49: Summary epoch 87:
train time 10.64
valid time 1.45
train loss 0.06
valid acc dict {
    'loss': 0.14075779542326927,
    'accuracy': 0.9285714285714286,
    'f1_scores': array([0.93023256, 0.92682927]),
    'f1_score_macro': 0.9285309132161089
}
2024-04-25 21:35:49: accuracy increased (0.928571 --> 0.928571).  Saving model ...
2024-04-25 21:35:49: ------------------------------------------------------------------- END - Epoch 87 --------------------------------------------------------------------
2024-04-25 21:35:49: ------------------------------------------------------------------ START - Epoch 88 -------------------------------------------------------------------
2024-04-25 21:36:01: Summary epoch 88:
train time 9.88
valid time 1.30
train loss 0.06
valid acc dict {
    'loss': 0.1436520665884018,
    'accuracy': 0.9285714285714286,
    'f1_scores': array([0.93023256, 0.92682927]),
    'f1_score_macro': 0.9285309132161089
}
2024-04-25 21:36:01: accuracy increased (0.928571 --> 0.928571).  Saving model ...
2024-04-25 21:36:01: ------------------------------------------------------------------- END - Epoch 88 --------------------------------------------------------------------
2024-04-25 21:36:01: ------------------------------------------------------------------ START - Epoch 89 -------------------------------------------------------------------
2024-04-25 21:36:19: Summary epoch 89:
train time 16.89
valid time 1.51
train loss 0.02
valid acc dict {
    'loss': 0.14256610348820686,
    'accuracy': 0.9285714285714286,
    'f1_scores': array([0.93023256, 0.92682927]),
    'f1_score_macro': 0.9285309132161089
}
2024-04-25 21:36:19: accuracy increased (0.928571 --> 0.928571).  Saving model ...
2024-04-25 21:36:19: ------------------------------------------------------------------- END - Epoch 89 --------------------------------------------------------------------
2024-04-25 21:36:19: ------------------------------------------------------------------ START - Epoch 90 -------------------------------------------------------------------
2024-04-25 21:36:36: Summary epoch 90:
train time 15.67
valid time 0.96
train loss 0.05
valid acc dict {
    'loss': 0.1589168719947338,
    'accuracy': 0.9285714285714286,
    'f1_scores': array([0.93023256, 0.92682927]),
    'f1_score_macro': 0.9285309132161089
}
2024-04-25 21:36:36: accuracy increased (0.928571 --> 0.928571).  Saving model ...
2024-04-25 21:36:37: ------------------------------------------------------------------- END - Epoch 90 --------------------------------------------------------------------
2024-04-25 21:36:37: ------------------------------------------------------------------ START - Epoch 91 -------------------------------------------------------------------
2024-04-25 21:36:54: Summary epoch 91:
train time 14.51
valid time 2.13
train loss 0.04
valid acc dict {
    'loss': 0.14785193279385567,
    'accuracy': 0.9285714285714286,
    'f1_scores': array([0.93023256, 0.92682927]),
    'f1_score_macro': 0.9285309132161089
}
2024-04-25 21:36:55: accuracy increased (0.928571 --> 0.928571).  Saving model ...
2024-04-25 21:36:55: ------------------------------------------------------------------- END - Epoch 91 --------------------------------------------------------------------
2024-04-25 21:36:55: ------------------------------------------------------------------ START - Epoch 92 -------------------------------------------------------------------
2024-04-25 21:37:10: Summary epoch 92:
train time 13.68
valid time 0.99
train loss 0.06
valid acc dict {
    'loss': 0.1426035687327385,
    'accuracy': 0.9285714285714286,
    'f1_scores': array([0.93023256, 0.92682927]),
    'f1_score_macro': 0.9285309132161089
}
2024-04-25 21:37:10: accuracy increased (0.928571 --> 0.928571).  Saving model ...
2024-04-25 21:37:10: ------------------------------------------------------------------- END - Epoch 92 --------------------------------------------------------------------
2024-04-25 21:37:10: ------------------------------------------------------------------ START - Epoch 93 -------------------------------------------------------------------
2024-04-25 21:37:24: Summary epoch 93:
train time 13.38
valid time 1.00
train loss 0.05
valid acc dict {
    'loss': 0.14101485535502434,
    'accuracy': 0.9285714285714286,
    'f1_scores': array([0.93023256, 0.92682927]),
    'f1_score_macro': 0.9285309132161089
}
2024-04-25 21:37:24: accuracy increased (0.928571 --> 0.928571).  Saving model ...
2024-04-25 21:37:25: ------------------------------------------------------------------- END - Epoch 93 --------------------------------------------------------------------
2024-04-25 21:37:25: ------------------------------------------------------------------ START - Epoch 94 -------------------------------------------------------------------
2024-04-25 21:37:37: Summary epoch 94:
train time 10.25
valid time 1.77
train loss 0.05
valid acc dict {
    'loss': 0.15216564759612083,
    'accuracy': 0.9285714285714286,
    'f1_scores': array([0.93023256, 0.92682927]),
    'f1_score_macro': 0.9285309132161089
}
2024-04-25 21:37:37: accuracy increased (0.928571 --> 0.928571).  Saving model ...
2024-04-25 21:37:37: ------------------------------------------------------------------- END - Epoch 94 --------------------------------------------------------------------
2024-04-25 21:37:37: ------------------------------------------------------------------ START - Epoch 95 -------------------------------------------------------------------
2024-04-25 21:37:59: Summary epoch 95:
train time 18.13
valid time 3.67
train loss 0.06
valid acc dict {
    'loss': 0.148831307888031,
    'accuracy': 0.9285714285714286,
    'f1_scores': array([0.93023256, 0.92682927]),
    'f1_score_macro': 0.9285309132161089
}
2024-04-25 21:37:59: accuracy increased (0.928571 --> 0.928571).  Saving model ...
2024-04-25 21:37:59: ------------------------------------------------------------------- END - Epoch 95 --------------------------------------------------------------------
2024-04-25 21:37:59: ------------------------------------------------------------------ START - Epoch 96 -------------------------------------------------------------------
2024-04-25 21:38:12: Summary epoch 96:
train time 11.32
valid time 1.40
train loss 0.05
valid acc dict {
    'loss': 0.13418158516287804,
    'accuracy': 0.9285714285714286,
    'f1_scores': array([0.93023256, 0.92682927]),
    'f1_score_macro': 0.9285309132161089
}
2024-04-25 21:38:12: accuracy increased (0.928571 --> 0.928571).  Saving model ...
2024-04-25 21:38:12: ------------------------------------------------------------------- END - Epoch 96 --------------------------------------------------------------------
2024-04-25 21:38:12: ------------------------------------------------------------------ START - Epoch 97 -------------------------------------------------------------------
2024-04-25 21:38:27: Summary epoch 97:
train time 13.16
valid time 1.22
train loss 0.04
valid acc dict {
    'loss': 0.1372770182788372,
    'accuracy': 0.9285714285714286,
    'f1_scores': array([0.93023256, 0.92682927]),
    'f1_score_macro': 0.9285309132161089
}
2024-04-25 21:38:27: accuracy increased (0.928571 --> 0.928571).  Saving model ...
2024-04-25 21:38:27: ------------------------------------------------------------------- END - Epoch 97 --------------------------------------------------------------------
2024-04-25 21:38:28: ------------------------------------------------------------------ START - Epoch 98 -------------------------------------------------------------------
2024-04-25 21:38:43: Summary epoch 98:
train time 14.11
valid time 0.79
train loss 0.07
valid acc dict {
    'loss': 0.1356719359755516,
    'accuracy': 0.9285714285714286,
    'f1_scores': array([0.93023256, 0.92682927]),
    'f1_score_macro': 0.9285309132161089
}
2024-04-25 21:38:43: accuracy increased (0.928571 --> 0.928571).  Saving model ...
2024-04-25 21:38:43: ------------------------------------------------------------------- END - Epoch 98 --------------------------------------------------------------------
2024-04-25 21:38:43: ------------------------------------------------------------------ START - Epoch 99 -------------------------------------------------------------------
2024-04-25 21:38:57: Summary epoch 99:
train time 13.60
valid time 0.36
train loss 0.06
valid acc dict {
    'loss': 0.14492802321910858,
    'accuracy': 0.9285714285714286,
    'f1_scores': array([0.93023256, 0.92682927]),
    'f1_score_macro': 0.9285309132161089
}
2024-04-25 21:38:57: accuracy increased (0.928571 --> 0.928571).  Saving model ...
2024-04-25 21:38:58: ------------------------------------------------------------------- END - Epoch 99 --------------------------------------------------------------------
