2024-04-26 04:23:56: Using LR value from local bioencoder config: 0.3
2024-04-26 04:23:56: ########################## Training second stage  ###########################
2024-04-26 04:23:56: Dataset:
{
    'data_dir': 'bioencoder_wd/data/dorsal_train_epoch_100',
    'train': {'rn-images': 196, 'cw-images': 194},
    'val': {'rn-images': 21, 'cw-images': 21}
}
2024-04-26 04:23:56: Hyperparameters:
{
    'model': {
        'backbone': 'timm_tf_efficientnet_b5.ns_jft_in1k',
        'ckpt_pretrained': None,
        'num_classes': 2
    },
    'train': {
        'n_epochs': 100,
        'amp': True,
        'ema': True,
        'ema_decay_per_epoch': 0.4,
        'target_metric': 'accuracy',
        'stage': 'second'
    },
    'dataloaders': {
        'train_batch_size': 30,
        'valid_batch_size': 21,
        'num_workers': 0
    },
    'optimizer': {'name': 'SGD', 'params': {'lr': 0.3}},
    'scheduler': {
        'name': 'CosineAnnealingLR',
        'params': {'T_max': 100, 'eta_min': 0.002}
    },
    'criterion': {
        'name': 'LabelSmoothing',
        'params': {'classes': 100, 'smoothing': 0.01}
    },
    'img_size': 384,
    'augmentations': {
        'transforms': [
            {
                'RandomResizedCrop': {
                    'height': 384,
                    'width': 384,
                    'scale': (0.7, 1)
                }
            },
            {'Flip': None},
            {'RandomRotate90': None},
            {'MedianBlur': {'blur_limit': 3, 'p': 0.3}},
            {'ShiftScaleRotate': {'p': 0.4}},
            {'OpticalDistortion': None},
            {'GridDistortion': None},
            {'HueSaturationValue': None}
        ]
    }
}
2024-04-26 04:23:57: Loading pretrained weights from Hugging Face hub (timm/tf_efficientnet_b5.ns_jft_in1k)
2024-04-26 04:23:58: [timm/tf_efficientnet_b5.ns_jft_in1k] Safe alternative available for 'pytorch_model.bin' (as 'model.safetensors'). Loading weights using safetensors.
2024-04-26 04:24:00: ------------------------------ START - Epoch 0 ------------------------------
2024-04-26 04:24:23: Summary epoch 0:
train time 21.62
valid time 1.31
train loss 0.38
valid acc dict {
    'loss': 0.20118054375052452,
    'accuracy': 0.9285714285714286,
    'f1_scores': array([0.93023256, 0.92682927]),
    'f1_score_macro': 0.9285309132161089
}
2024-04-26 04:24:23: accuracy increased (0.000000 --> 0.928571).  Saving model ...
2024-04-26 04:24:23: ------------------------------- END - Epoch 0 -------------------------------
2024-04-26 04:24:23: ------------------------------ START - Epoch 1 ------------------------------
2024-04-26 04:24:32: Summary epoch 1:
train time 8.25
valid time 0.55
train loss 0.11
valid acc dict {
    'loss': 0.1622987724840641,
    'accuracy': 0.9285714285714286,
    'f1_scores': array([0.93023256, 0.92682927]),
    'f1_score_macro': 0.9285309132161089
}
2024-04-26 04:24:32: accuracy increased (0.928571 --> 0.928571).  Saving model ...
2024-04-26 04:24:33: ------------------------------- END - Epoch 1 -------------------------------
2024-04-26 04:24:33: ------------------------------ START - Epoch 2 ------------------------------
2024-04-26 04:24:43: Summary epoch 2:
train time 8.71
valid time 1.30
train loss 0.07
valid acc dict {
    'loss': 0.14939194172620773,
    'accuracy': 0.9285714285714286,
    'f1_scores': array([0.93023256, 0.92682927]),
    'f1_score_macro': 0.9285309132161089
}
2024-04-26 04:24:43: accuracy increased (0.928571 --> 0.928571).  Saving model ...
2024-04-26 04:24:43: ------------------------------- END - Epoch 2 -------------------------------
2024-04-26 04:24:43: ------------------------------ START - Epoch 3 ------------------------------
2024-04-26 04:24:50: Summary epoch 3:
train time 6.84
valid time 0.39
train loss 0.08
valid acc dict {
    'loss': 0.14802735671401024,
    'accuracy': 0.9285714285714286,
    'f1_scores': array([0.93023256, 0.92682927]),
    'f1_score_macro': 0.9285309132161089
}
2024-04-26 04:24:50: accuracy increased (0.928571 --> 0.928571).  Saving model ...
2024-04-26 04:24:50: ------------------------------- END - Epoch 3 -------------------------------
2024-04-26 04:24:50: ------------------------------ START - Epoch 4 ------------------------------
2024-04-26 04:24:59: Summary epoch 4:
train time 7.31
valid time 0.87
train loss 0.07
valid acc dict {
    'loss': 0.16157057136297226,
    'accuracy': 0.9285714285714286,
    'f1_scores': array([0.93023256, 0.92682927]),
    'f1_score_macro': 0.9285309132161089
}
2024-04-26 04:24:59: accuracy increased (0.928571 --> 0.928571).  Saving model ...
2024-04-26 04:24:59: ------------------------------- END - Epoch 4 -------------------------------
2024-04-26 04:24:59: ------------------------------ START - Epoch 5 ------------------------------
2024-04-26 04:25:06: Summary epoch 5:
train time 6.34
valid time 0.74
train loss 0.08
valid acc dict {
    'loss': 0.16021334007382393,
    'accuracy': 0.9285714285714286,
    'f1_scores': array([0.93023256, 0.92682927]),
    'f1_score_macro': 0.9285309132161089
}
2024-04-26 04:25:06: accuracy increased (0.928571 --> 0.928571).  Saving model ...
2024-04-26 04:25:06: ------------------------------- END - Epoch 5 -------------------------------
2024-04-26 04:25:06: ------------------------------ START - Epoch 6 ------------------------------
2024-04-26 04:25:14: Summary epoch 6:
train time 7.10
valid time 0.45
train loss 0.11
valid acc dict {
    'loss': 0.15277783572673798,
    'accuracy': 0.9285714285714286,
    'f1_scores': array([0.93023256, 0.92682927]),
    'f1_score_macro': 0.9285309132161089
}
2024-04-26 04:25:14: accuracy increased (0.928571 --> 0.928571).  Saving model ...
2024-04-26 04:25:14: ------------------------------- END - Epoch 6 -------------------------------
2024-04-26 04:25:14: ------------------------------ START - Epoch 7 ------------------------------
2024-04-26 04:25:22: Summary epoch 7:
train time 7.23
valid time 0.87
train loss 0.05
valid acc dict {
    'loss': 0.14535391330718994,
    'accuracy': 0.9285714285714286,
    'f1_scores': array([0.93023256, 0.92682927]),
    'f1_score_macro': 0.9285309132161089
}
2024-04-26 04:25:22: accuracy increased (0.928571 --> 0.928571).  Saving model ...
2024-04-26 04:25:22: ------------------------------- END - Epoch 7 -------------------------------
2024-04-26 04:25:22: ------------------------------ START - Epoch 8 ------------------------------
2024-04-26 04:25:30: Summary epoch 8:
train time 5.73
valid time 1.35
train loss 0.09
valid acc dict {
    'loss': 0.15176701173186302,
    'accuracy': 0.9285714285714286,
    'f1_scores': array([0.93023256, 0.92682927]),
    'f1_score_macro': 0.9285309132161089
}
2024-04-26 04:25:30: accuracy increased (0.928571 --> 0.928571).  Saving model ...
2024-04-26 04:25:30: ------------------------------- END - Epoch 8 -------------------------------
2024-04-26 04:25:30: ------------------------------ START - Epoch 9 ------------------------------
2024-04-26 04:25:45: Summary epoch 9:
train time 14.70
valid time 0.31
train loss 0.07
valid acc dict {
    'loss': 0.14638440310955048,
    'accuracy': 0.9285714285714286,
    'f1_scores': array([0.93023256, 0.92682927]),
    'f1_score_macro': 0.9285309132161089
}
2024-04-26 04:25:45: accuracy increased (0.928571 --> 0.928571).  Saving model ...
2024-04-26 04:25:45: ------------------------------- END - Epoch 9 -------------------------------
2024-04-26 04:25:45: ----------------------------- START - Epoch 10 ------------------------------
2024-04-26 04:25:55: Summary epoch 10:
train time 9.65
valid time 0.42
train loss 0.06
valid acc dict {
    'loss': 0.13919508829712868,
    'accuracy': 0.9285714285714286,
    'f1_scores': array([0.93023256, 0.92682927]),
    'f1_score_macro': 0.9285309132161089
}
2024-04-26 04:25:55: accuracy increased (0.928571 --> 0.928571).  Saving model ...
2024-04-26 04:25:56: ------------------------------ END - Epoch 10 -------------------------------
2024-04-26 04:25:56: ----------------------------- START - Epoch 11 ------------------------------
2024-04-26 04:26:07: Summary epoch 11:
train time 9.10
valid time 1.98
train loss 0.04
valid acc dict {
    'loss': 0.1366375871002674,
    'accuracy': 0.9285714285714286,
    'f1_scores': array([0.93023256, 0.92682927]),
    'f1_score_macro': 0.9285309132161089
}
2024-04-26 04:26:08: accuracy increased (0.928571 --> 0.928571).  Saving model ...
2024-04-26 04:26:08: ------------------------------ END - Epoch 11 -------------------------------
2024-04-26 04:26:08: ----------------------------- START - Epoch 12 ------------------------------
2024-04-26 04:26:16: Summary epoch 12:
train time 7.46
valid time 0.68
train loss 0.06
valid acc dict {
    'loss': 0.14835787191987038,
    'accuracy': 0.9285714285714286,
    'f1_scores': array([0.93023256, 0.92682927]),
    'f1_score_macro': 0.9285309132161089
}
2024-04-26 04:26:16: accuracy increased (0.928571 --> 0.928571).  Saving model ...
2024-04-26 04:26:16: ------------------------------ END - Epoch 12 -------------------------------
2024-04-26 04:26:16: ----------------------------- START - Epoch 13 ------------------------------
2024-04-26 04:26:25: Summary epoch 13:
train time 7.96
valid time 0.61
train loss 0.08
valid acc dict {
    'loss': 0.13644850254058838,
    'accuracy': 0.9285714285714286,
    'f1_scores': array([0.93023256, 0.92682927]),
    'f1_score_macro': 0.9285309132161089
}
2024-04-26 04:26:25: accuracy increased (0.928571 --> 0.928571).  Saving model ...
2024-04-26 04:26:25: ------------------------------ END - Epoch 13 -------------------------------
2024-04-26 04:26:25: ----------------------------- START - Epoch 14 ------------------------------
2024-04-26 04:26:32: Summary epoch 14:
train time 6.19
valid time 0.63
train loss 0.05
valid acc dict {
    'loss': 0.1266971491277218,
    'accuracy': 0.9285714285714286,
    'f1_scores': array([0.93023256, 0.92682927]),
    'f1_score_macro': 0.9285309132161089
}
2024-04-26 04:26:32: accuracy increased (0.928571 --> 0.928571).  Saving model ...
2024-04-26 04:26:32: ------------------------------ END - Epoch 14 -------------------------------
2024-04-26 04:26:32: ----------------------------- START - Epoch 15 ------------------------------
2024-04-26 04:26:40: Summary epoch 15:
train time 6.31
valid time 1.63
train loss 0.08
valid acc dict {
    'loss': 0.1293962337076664,
    'accuracy': 0.9285714285714286,
    'f1_scores': array([0.93023256, 0.92682927]),
    'f1_score_macro': 0.9285309132161089
}
2024-04-26 04:26:40: accuracy increased (0.928571 --> 0.928571).  Saving model ...
2024-04-26 04:26:40: ------------------------------ END - Epoch 15 -------------------------------
2024-04-26 04:26:40: ----------------------------- START - Epoch 16 ------------------------------
2024-04-26 04:26:49: Summary epoch 16:
train time 7.33
valid time 0.91
train loss 0.05
valid acc dict {
    'loss': 0.12414033338427544,
    'accuracy': 0.9285714285714286,
    'f1_scores': array([0.93023256, 0.92682927]),
    'f1_score_macro': 0.9285309132161089
}
2024-04-26 04:26:49: accuracy increased (0.928571 --> 0.928571).  Saving model ...
2024-04-26 04:26:49: ------------------------------ END - Epoch 16 -------------------------------
2024-04-26 04:26:49: ----------------------------- START - Epoch 17 ------------------------------
2024-04-26 04:26:57: Summary epoch 17:
train time 6.30
valid time 1.69
train loss 0.05
valid acc dict {
    'loss': 0.11954381689429283,
    'accuracy': 0.9285714285714286,
    'f1_scores': array([0.93023256, 0.92682927]),
    'f1_score_macro': 0.9285309132161089
}
2024-04-26 04:26:57: accuracy increased (0.928571 --> 0.928571).  Saving model ...
2024-04-26 04:26:57: ------------------------------ END - Epoch 17 -------------------------------
2024-04-26 04:26:57: ----------------------------- START - Epoch 18 ------------------------------
2024-04-26 04:27:09: Summary epoch 18:
train time 11.03
valid time 0.48
train loss 0.06
valid acc dict {
    'loss': 0.17505093663930893,
    'accuracy': 0.9285714285714286,
    'f1_scores': array([0.93023256, 0.92682927]),
    'f1_score_macro': 0.9285309132161089
}
2024-04-26 04:27:09: accuracy increased (0.928571 --> 0.928571).  Saving model ...
2024-04-26 04:27:10: ------------------------------ END - Epoch 18 -------------------------------
2024-04-26 04:27:10: ----------------------------- START - Epoch 19 ------------------------------
2024-04-26 04:27:16: Summary epoch 19:
train time 6.16
valid time 0.53
train loss 0.07
valid acc dict {
    'loss': 0.13680768385529518,
    'accuracy': 0.9285714285714286,
    'f1_scores': array([0.93023256, 0.92682927]),
    'f1_score_macro': 0.9285309132161089
}
2024-04-26 04:27:16: accuracy increased (0.928571 --> 0.928571).  Saving model ...
2024-04-26 04:27:17: ------------------------------ END - Epoch 19 -------------------------------
2024-04-26 04:27:17: ----------------------------- START - Epoch 20 ------------------------------
2024-04-26 04:27:25: Summary epoch 20:
train time 7.46
valid time 0.93
train loss 0.06
valid acc dict {
    'loss': 0.14801253378391266,
    'accuracy': 0.9285714285714286,
    'f1_scores': array([0.93023256, 0.92682927]),
    'f1_score_macro': 0.9285309132161089
}
2024-04-26 04:27:25: accuracy increased (0.928571 --> 0.928571).  Saving model ...
2024-04-26 04:27:25: ------------------------------ END - Epoch 20 -------------------------------
2024-04-26 04:27:25: ----------------------------- START - Epoch 21 ------------------------------
2024-04-26 04:27:33: Summary epoch 21:
train time 7.03
valid time 0.67
train loss 0.05
valid acc dict {
    'loss': 0.12344283238053322,
    'accuracy': 0.9285714285714286,
    'f1_scores': array([0.93023256, 0.92682927]),
    'f1_score_macro': 0.9285309132161089
}
2024-04-26 04:27:33: accuracy increased (0.928571 --> 0.928571).  Saving model ...
2024-04-26 04:27:33: ------------------------------ END - Epoch 21 -------------------------------
2024-04-26 04:27:33: ----------------------------- START - Epoch 22 ------------------------------
2024-04-26 04:27:41: Summary epoch 22:
train time 6.47
valid time 0.86
train loss 0.05
valid acc dict {
    'loss': 0.13491271808743477,
    'accuracy': 0.9285714285714286,
    'f1_scores': array([0.93023256, 0.92682927]),
    'f1_score_macro': 0.9285309132161089
}
2024-04-26 04:27:41: accuracy increased (0.928571 --> 0.928571).  Saving model ...
2024-04-26 04:27:41: ------------------------------ END - Epoch 22 -------------------------------
2024-04-26 04:27:41: ----------------------------- START - Epoch 23 ------------------------------
2024-04-26 04:27:49: Summary epoch 23:
train time 7.19
valid time 0.50
train loss 0.07
valid acc dict {
    'loss': 0.12767944112420082,
    'accuracy': 0.9285714285714286,
    'f1_scores': array([0.93023256, 0.92682927]),
    'f1_score_macro': 0.9285309132161089
}
2024-04-26 04:27:49: accuracy increased (0.928571 --> 0.928571).  Saving model ...
2024-04-26 04:27:49: ------------------------------ END - Epoch 23 -------------------------------
2024-04-26 04:27:49: ----------------------------- START - Epoch 24 ------------------------------
2024-04-26 04:27:56: Summary epoch 24:
train time 6.49
valid time 0.50
train loss 0.05
valid acc dict {
    'loss': 0.1515851505100727,
    'accuracy': 0.9285714285714286,
    'f1_scores': array([0.93023256, 0.92682927]),
    'f1_score_macro': 0.9285309132161089
}
2024-04-26 04:27:56: accuracy increased (0.928571 --> 0.928571).  Saving model ...
2024-04-26 04:27:56: ------------------------------ END - Epoch 24 -------------------------------
2024-04-26 04:27:56: ----------------------------- START - Epoch 25 ------------------------------
2024-04-26 04:28:05: Summary epoch 25:
train time 8.16
valid time 0.72
train loss 0.05
valid acc dict {
    'loss': 0.13060485944151878,
    'accuracy': 0.9285714285714286,
    'f1_scores': array([0.93023256, 0.92682927]),
    'f1_score_macro': 0.9285309132161089
}
2024-04-26 04:28:05: accuracy increased (0.928571 --> 0.928571).  Saving model ...
2024-04-26 04:28:05: ------------------------------ END - Epoch 25 -------------------------------
2024-04-26 04:28:05: ----------------------------- START - Epoch 26 ------------------------------
2024-04-26 04:28:12: Summary epoch 26:
train time 6.30
valid time 0.33
train loss 0.06
valid acc dict {
    'loss': 0.14759906008839607,
    'accuracy': 0.9285714285714286,
    'f1_scores': array([0.93023256, 0.92682927]),
    'f1_score_macro': 0.9285309132161089
}
2024-04-26 04:28:12: accuracy increased (0.928571 --> 0.928571).  Saving model ...
2024-04-26 04:28:12: ------------------------------ END - Epoch 26 -------------------------------
2024-04-26 04:28:12: ----------------------------- START - Epoch 27 ------------------------------
2024-04-26 04:28:20: Summary epoch 27:
train time 7.38
valid time 0.65
train loss 0.08
valid acc dict {
    'loss': 0.15132378786802292,
    'accuracy': 0.9285714285714286,
    'f1_scores': array([0.93023256, 0.92682927]),
    'f1_score_macro': 0.9285309132161089
}
2024-04-26 04:28:20: accuracy increased (0.928571 --> 0.928571).  Saving model ...
2024-04-26 04:28:21: ------------------------------ END - Epoch 27 -------------------------------
2024-04-26 04:28:21: ----------------------------- START - Epoch 28 ------------------------------
2024-04-26 04:28:27: Summary epoch 28:
train time 5.29
valid time 1.13
train loss 0.04
valid acc dict {
    'loss': 0.12338252365589142,
    'accuracy': 0.9285714285714286,
    'f1_scores': array([0.93023256, 0.92682927]),
    'f1_score_macro': 0.9285309132161089
}
2024-04-26 04:28:27: accuracy increased (0.928571 --> 0.928571).  Saving model ...
2024-04-26 04:28:27: ------------------------------ END - Epoch 28 -------------------------------
2024-04-26 04:28:27: ----------------------------- START - Epoch 29 ------------------------------
2024-04-26 04:28:34: Summary epoch 29:
train time 6.11
valid time 0.41
train loss 0.11
valid acc dict {
    'loss': 0.13060369342565536,
    'accuracy': 0.9285714285714286,
    'f1_scores': array([0.93023256, 0.92682927]),
    'f1_score_macro': 0.9285309132161089
}
2024-04-26 04:28:34: accuracy increased (0.928571 --> 0.928571).  Saving model ...
2024-04-26 04:28:34: ------------------------------ END - Epoch 29 -------------------------------
2024-04-26 04:28:34: ----------------------------- START - Epoch 30 ------------------------------
2024-04-26 04:28:41: Summary epoch 30:
train time 6.71
valid time 0.34
train loss 0.06
valid acc dict {
    'loss': 0.14501259848475456,
    'accuracy': 0.9285714285714286,
    'f1_scores': array([0.93023256, 0.92682927]),
    'f1_score_macro': 0.9285309132161089
}
2024-04-26 04:28:41: accuracy increased (0.928571 --> 0.928571).  Saving model ...
2024-04-26 04:28:42: ------------------------------ END - Epoch 30 -------------------------------
2024-04-26 04:28:42: ----------------------------- START - Epoch 31 ------------------------------
2024-04-26 04:28:49: Summary epoch 31:
train time 7.12
valid time 0.45
train loss 0.04
valid acc dict {
    'loss': 0.13814736530184746,
    'accuracy': 0.9285714285714286,
    'f1_scores': array([0.93023256, 0.92682927]),
    'f1_score_macro': 0.9285309132161089
}
2024-04-26 04:28:49: accuracy increased (0.928571 --> 0.928571).  Saving model ...
2024-04-26 04:28:49: ------------------------------ END - Epoch 31 -------------------------------
2024-04-26 04:28:49: ----------------------------- START - Epoch 32 ------------------------------
2024-04-26 04:28:59: Summary epoch 32:
train time 8.18
valid time 1.04
train loss 0.07
valid acc dict {
    'loss': 0.15937280654907227,
    'accuracy': 0.9285714285714286,
    'f1_scores': array([0.93023256, 0.92682927]),
    'f1_score_macro': 0.9285309132161089
}
2024-04-26 04:28:59: accuracy increased (0.928571 --> 0.928571).  Saving model ...
2024-04-26 04:28:59: ------------------------------ END - Epoch 32 -------------------------------
2024-04-26 04:28:59: ----------------------------- START - Epoch 33 ------------------------------
2024-04-26 04:29:07: Summary epoch 33:
train time 7.25
valid time 0.45
train loss 0.05
valid acc dict {
    'loss': 0.1461254246532917,
    'accuracy': 0.9285714285714286,
    'f1_scores': array([0.93023256, 0.92682927]),
    'f1_score_macro': 0.9285309132161089
}
2024-04-26 04:29:07: accuracy increased (0.928571 --> 0.928571).  Saving model ...
2024-04-26 04:29:07: ------------------------------ END - Epoch 33 -------------------------------
2024-04-26 04:29:07: ----------------------------- START - Epoch 34 ------------------------------
2024-04-26 04:29:14: Summary epoch 34:
train time 5.85
valid time 0.63
train loss 0.04
valid acc dict {
    'loss': 0.14423244073987007,
    'accuracy': 0.9285714285714286,
    'f1_scores': array([0.93023256, 0.92682927]),
    'f1_score_macro': 0.9285309132161089
}
2024-04-26 04:29:14: accuracy increased (0.928571 --> 0.928571).  Saving model ...
2024-04-26 04:29:14: ------------------------------ END - Epoch 34 -------------------------------
2024-04-26 04:29:14: ----------------------------- START - Epoch 35 ------------------------------
2024-04-26 04:29:23: Summary epoch 35:
train time 8.32
valid time 0.46
train loss 0.05
valid acc dict {
    'loss': 0.15116291865706444,
    'accuracy': 0.9285714285714286,
    'f1_scores': array([0.93023256, 0.92682927]),
    'f1_score_macro': 0.9285309132161089
}
2024-04-26 04:29:23: accuracy increased (0.928571 --> 0.928571).  Saving model ...
2024-04-26 04:29:23: ------------------------------ END - Epoch 35 -------------------------------
2024-04-26 04:29:23: ----------------------------- START - Epoch 36 ------------------------------
2024-04-26 04:29:30: Summary epoch 36:
train time 7.02
valid time 0.38
train loss 0.04
valid acc dict {
    'loss': 0.1418076641857624,
    'accuracy': 0.9285714285714286,
    'f1_scores': array([0.93023256, 0.92682927]),
    'f1_score_macro': 0.9285309132161089
}
2024-04-26 04:29:30: accuracy increased (0.928571 --> 0.928571).  Saving model ...
2024-04-26 04:29:30: ------------------------------ END - Epoch 36 -------------------------------
2024-04-26 04:29:30: ----------------------------- START - Epoch 37 ------------------------------
2024-04-26 04:29:36: Summary epoch 37:
train time 5.11
valid time 0.54
train loss 0.07
valid acc dict {
    'loss': 0.1346258781850338,
    'accuracy': 0.9285714285714286,
    'f1_scores': array([0.93023256, 0.92682927]),
    'f1_score_macro': 0.9285309132161089
}
2024-04-26 04:29:36: accuracy increased (0.928571 --> 0.928571).  Saving model ...
2024-04-26 04:29:36: ------------------------------ END - Epoch 37 -------------------------------
2024-04-26 04:29:36: ----------------------------- START - Epoch 38 ------------------------------
2024-04-26 04:29:44: Summary epoch 38:
train time 6.72
valid time 0.78
train loss 0.05
valid acc dict {
    'loss': 0.14799677580595016,
    'accuracy': 0.9285714285714286,
    'f1_scores': array([0.93023256, 0.92682927]),
    'f1_score_macro': 0.9285309132161089
}
2024-04-26 04:29:44: accuracy increased (0.928571 --> 0.928571).  Saving model ...
2024-04-26 04:29:44: ------------------------------ END - Epoch 38 -------------------------------
2024-04-26 04:29:44: ----------------------------- START - Epoch 39 ------------------------------
2024-04-26 04:29:52: Summary epoch 39:
train time 7.28
valid time 0.54
train loss 0.05
valid acc dict {
    'loss': 0.15802397578954697,
    'accuracy': 0.9285714285714286,
    'f1_scores': array([0.93023256, 0.92682927]),
    'f1_score_macro': 0.9285309132161089
}
2024-04-26 04:29:52: accuracy increased (0.928571 --> 0.928571).  Saving model ...
2024-04-26 04:29:52: ------------------------------ END - Epoch 39 -------------------------------
2024-04-26 04:29:52: ----------------------------- START - Epoch 40 ------------------------------
2024-04-26 04:30:00: Summary epoch 40:
train time 6.81
valid time 0.78
train loss 0.05
valid acc dict {
    'loss': 0.14873958751559258,
    'accuracy': 0.9285714285714286,
    'f1_scores': array([0.93023256, 0.92682927]),
    'f1_score_macro': 0.9285309132161089
}
2024-04-26 04:30:00: accuracy increased (0.928571 --> 0.928571).  Saving model ...
2024-04-26 04:30:00: ------------------------------ END - Epoch 40 -------------------------------
2024-04-26 04:30:00: ----------------------------- START - Epoch 41 ------------------------------
2024-04-26 04:30:06: Summary epoch 41:
train time 5.52
valid time 0.48
train loss 0.06
valid acc dict {
    'loss': 0.1426302045583725,
    'accuracy': 0.9285714285714286,
    'f1_scores': array([0.93023256, 0.92682927]),
    'f1_score_macro': 0.9285309132161089
}
2024-04-26 04:30:06: accuracy increased (0.928571 --> 0.928571).  Saving model ...
2024-04-26 04:30:07: ------------------------------ END - Epoch 41 -------------------------------
2024-04-26 04:30:07: ----------------------------- START - Epoch 42 ------------------------------
2024-04-26 04:30:13: Summary epoch 42:
train time 6.18
valid time 0.32
train loss 0.03
valid acc dict {
    'loss': 0.14161161705851555,
    'accuracy': 0.9285714285714286,
    'f1_scores': array([0.93023256, 0.92682927]),
    'f1_score_macro': 0.9285309132161089
}
2024-04-26 04:30:13: accuracy increased (0.928571 --> 0.928571).  Saving model ...
2024-04-26 04:30:14: ------------------------------ END - Epoch 42 -------------------------------
2024-04-26 04:30:14: ----------------------------- START - Epoch 43 ------------------------------
2024-04-26 04:30:22: Summary epoch 43:
train time 7.14
valid time 1.01
train loss 0.08
valid acc dict {
    'loss': 0.15609553083777428,
    'accuracy': 0.9285714285714286,
    'f1_scores': array([0.93023256, 0.92682927]),
    'f1_score_macro': 0.9285309132161089
}
2024-04-26 04:30:22: accuracy increased (0.928571 --> 0.928571).  Saving model ...
2024-04-26 04:30:23: ------------------------------ END - Epoch 43 -------------------------------
2024-04-26 04:30:23: ----------------------------- START - Epoch 44 ------------------------------
2024-04-26 04:30:31: Summary epoch 44:
train time 8.35
valid time 0.33
train loss 0.05
valid acc dict {
    'loss': 0.17207907512784004,
    'accuracy': 0.9285714285714286,
    'f1_scores': array([0.93023256, 0.92682927]),
    'f1_score_macro': 0.9285309132161089
}
2024-04-26 04:30:31: accuracy increased (0.928571 --> 0.928571).  Saving model ...
2024-04-26 04:30:32: ------------------------------ END - Epoch 44 -------------------------------
2024-04-26 04:30:32: ----------------------------- START - Epoch 45 ------------------------------
2024-04-26 04:30:41: Summary epoch 45:
train time 8.28
valid time 1.40
train loss 0.06
valid acc dict {
    'loss': 0.1598116010427475,
    'accuracy': 0.9285714285714286,
    'f1_scores': array([0.93023256, 0.92682927]),
    'f1_score_macro': 0.9285309132161089
}
2024-04-26 04:30:41: accuracy increased (0.928571 --> 0.928571).  Saving model ...
2024-04-26 04:30:42: ------------------------------ END - Epoch 45 -------------------------------
2024-04-26 04:30:42: ----------------------------- START - Epoch 46 ------------------------------
2024-04-26 04:30:49: Summary epoch 46:
train time 6.28
valid time 0.92
train loss 0.03
valid acc dict {
    'loss': 0.14925827831029892,
    'accuracy': 0.9285714285714286,
    'f1_scores': array([0.93023256, 0.92682927]),
    'f1_score_macro': 0.9285309132161089
}
2024-04-26 04:30:49: accuracy increased (0.928571 --> 0.928571).  Saving model ...
2024-04-26 04:30:49: ------------------------------ END - Epoch 46 -------------------------------
2024-04-26 04:30:49: ----------------------------- START - Epoch 47 ------------------------------
2024-04-26 04:31:00: Summary epoch 47:
train time 9.27
valid time 0.91
train loss 0.03
valid acc dict {
    'loss': 0.15298223122954369,
    'accuracy': 0.9285714285714286,
    'f1_scores': array([0.93023256, 0.92682927]),
    'f1_score_macro': 0.9285309132161089
}
2024-04-26 04:31:00: accuracy increased (0.928571 --> 0.928571).  Saving model ...
2024-04-26 04:31:00: ------------------------------ END - Epoch 47 -------------------------------
2024-04-26 04:31:00: ----------------------------- START - Epoch 48 ------------------------------
2024-04-26 04:31:09: Summary epoch 48:
train time 8.33
valid time 0.97
train loss 0.04
valid acc dict {
    'loss': 0.15358416736125946,
    'accuracy': 0.9285714285714286,
    'f1_scores': array([0.93023256, 0.92682927]),
    'f1_score_macro': 0.9285309132161089
}
2024-04-26 04:31:09: accuracy increased (0.928571 --> 0.928571).  Saving model ...
2024-04-26 04:31:10: ------------------------------ END - Epoch 48 -------------------------------
2024-04-26 04:31:10: ----------------------------- START - Epoch 49 ------------------------------
2024-04-26 04:31:21: Summary epoch 49:
train time 8.67
valid time 2.36
train loss 0.06
valid acc dict {
    'loss': 0.15384704992175102,
    'accuracy': 0.9285714285714286,
    'f1_scores': array([0.93023256, 0.92682927]),
    'f1_score_macro': 0.9285309132161089
}
2024-04-26 04:31:21: accuracy increased (0.928571 --> 0.928571).  Saving model ...
2024-04-26 04:31:21: ------------------------------ END - Epoch 49 -------------------------------
2024-04-26 04:31:21: ----------------------------- START - Epoch 50 ------------------------------
2024-04-26 04:31:33: Summary epoch 50:
train time 11.95
valid time 0.59
train loss 0.05
valid acc dict {
    'loss': 0.15095144137740135,
    'accuracy': 0.9285714285714286,
    'f1_scores': array([0.93023256, 0.92682927]),
    'f1_score_macro': 0.9285309132161089
}
2024-04-26 04:31:33: accuracy increased (0.928571 --> 0.928571).  Saving model ...
2024-04-26 04:31:34: ------------------------------ END - Epoch 50 -------------------------------
2024-04-26 04:31:34: ----------------------------- START - Epoch 51 ------------------------------
2024-04-26 04:31:45: Summary epoch 51:
train time 10.17
valid time 0.94
train loss 0.08
valid acc dict {
    'loss': 0.1823561228811741,
    'accuracy': 0.9285714285714286,
    'f1_scores': array([0.93023256, 0.92682927]),
    'f1_score_macro': 0.9285309132161089
}
2024-04-26 04:31:45: accuracy increased (0.928571 --> 0.928571).  Saving model ...
2024-04-26 04:31:45: ------------------------------ END - Epoch 51 -------------------------------
2024-04-26 04:31:45: ----------------------------- START - Epoch 52 ------------------------------
2024-04-26 04:31:55: Summary epoch 52:
train time 7.15
valid time 2.75
train loss 0.03
valid acc dict {
    'loss': 0.16907347366213799,
    'accuracy': 0.9285714285714286,
    'f1_scores': array([0.93023256, 0.92682927]),
    'f1_score_macro': 0.9285309132161089
}
2024-04-26 04:31:55: accuracy increased (0.928571 --> 0.928571).  Saving model ...
2024-04-26 04:31:56: ------------------------------ END - Epoch 52 -------------------------------
2024-04-26 04:31:56: ----------------------------- START - Epoch 53 ------------------------------
2024-04-26 04:32:11: Summary epoch 53:
train time 14.86
valid time 0.57
train loss 0.05
valid acc dict {
    'loss': 0.14730044081807137,
    'accuracy': 0.9285714285714286,
    'f1_scores': array([0.93023256, 0.92682927]),
    'f1_score_macro': 0.9285309132161089
}
2024-04-26 04:32:11: accuracy increased (0.928571 --> 0.928571).  Saving model ...
2024-04-26 04:32:11: ------------------------------ END - Epoch 53 -------------------------------
2024-04-26 04:32:11: ----------------------------- START - Epoch 54 ------------------------------
2024-04-26 04:32:23: Summary epoch 54:
train time 11.03
valid time 0.76
train loss 0.06
valid acc dict {
    'loss': 0.17032747343182564,
    'accuracy': 0.9285714285714286,
    'f1_scores': array([0.93023256, 0.92682927]),
    'f1_score_macro': 0.9285309132161089
}
2024-04-26 04:32:23: accuracy increased (0.928571 --> 0.928571).  Saving model ...
2024-04-26 04:32:23: ------------------------------ END - Epoch 54 -------------------------------
2024-04-26 04:32:23: ----------------------------- START - Epoch 55 ------------------------------
2024-04-26 04:32:33: Summary epoch 55:
train time 7.74
valid time 1.95
train loss 0.04
valid acc dict {
    'loss': 0.169473297894001,
    'accuracy': 0.9285714285714286,
    'f1_scores': array([0.93023256, 0.92682927]),
    'f1_score_macro': 0.9285309132161089
}
2024-04-26 04:32:33: accuracy increased (0.928571 --> 0.928571).  Saving model ...
2024-04-26 04:32:33: ------------------------------ END - Epoch 55 -------------------------------
2024-04-26 04:32:33: ----------------------------- START - Epoch 56 ------------------------------
2024-04-26 04:32:43: Summary epoch 56:
train time 7.93
valid time 1.37
train loss 0.05
valid acc dict {
    'loss': 0.1615303009748459,
    'accuracy': 0.9285714285714286,
    'f1_scores': array([0.93023256, 0.92682927]),
    'f1_score_macro': 0.9285309132161089
}
2024-04-26 04:32:43: accuracy increased (0.928571 --> 0.928571).  Saving model ...
2024-04-26 04:32:43: ------------------------------ END - Epoch 56 -------------------------------
2024-04-26 04:32:43: ----------------------------- START - Epoch 57 ------------------------------
2024-04-26 04:32:52: Summary epoch 57:
train time 8.45
valid time 0.64
train loss 0.05
valid acc dict {
    'loss': 0.16369982436299324,
    'accuracy': 0.9285714285714286,
    'f1_scores': array([0.93023256, 0.92682927]),
    'f1_score_macro': 0.9285309132161089
}
2024-04-26 04:32:52: accuracy increased (0.928571 --> 0.928571).  Saving model ...
2024-04-26 04:32:52: ------------------------------ END - Epoch 57 -------------------------------
2024-04-26 04:32:52: ----------------------------- START - Epoch 58 ------------------------------
2024-04-26 04:33:00: Summary epoch 58:
train time 6.82
valid time 0.65
train loss 0.05
valid acc dict {
    'loss': 0.150510735809803,
    'accuracy': 0.9285714285714286,
    'f1_scores': array([0.93023256, 0.92682927]),
    'f1_score_macro': 0.9285309132161089
}
2024-04-26 04:33:00: accuracy increased (0.928571 --> 0.928571).  Saving model ...
2024-04-26 04:33:00: ------------------------------ END - Epoch 58 -------------------------------
2024-04-26 04:33:00: ----------------------------- START - Epoch 59 ------------------------------
2024-04-26 04:33:11: Summary epoch 59:
train time 9.60
valid time 0.91
train loss 0.06
valid acc dict {
    'loss': 0.1434360258281231,
    'accuracy': 0.9285714285714286,
    'f1_scores': array([0.93023256, 0.92682927]),
    'f1_score_macro': 0.9285309132161089
}
2024-04-26 04:33:11: accuracy increased (0.928571 --> 0.928571).  Saving model ...
2024-04-26 04:33:12: ------------------------------ END - Epoch 59 -------------------------------
2024-04-26 04:33:12: ----------------------------- START - Epoch 60 ------------------------------
2024-04-26 04:33:22: Summary epoch 60:
train time 9.91
valid time 0.91
train loss 0.06
valid acc dict {
    'loss': 0.1682789884507656,
    'accuracy': 0.9285714285714286,
    'f1_scores': array([0.93023256, 0.92682927]),
    'f1_score_macro': 0.9285309132161089
}
2024-04-26 04:33:22: accuracy increased (0.928571 --> 0.928571).  Saving model ...
2024-04-26 04:33:23: ------------------------------ END - Epoch 60 -------------------------------
2024-04-26 04:33:23: ----------------------------- START - Epoch 61 ------------------------------
2024-04-26 04:33:32: Summary epoch 61:
train time 8.74
valid time 0.73
train loss 0.04
valid acc dict {
    'loss': 0.14625483751296997,
    'accuracy': 0.9285714285714286,
    'f1_scores': array([0.93023256, 0.92682927]),
    'f1_score_macro': 0.9285309132161089
}
2024-04-26 04:33:32: accuracy increased (0.928571 --> 0.928571).  Saving model ...
2024-04-26 04:33:33: ------------------------------ END - Epoch 61 -------------------------------
2024-04-26 04:33:33: ----------------------------- START - Epoch 62 ------------------------------
2024-04-26 04:33:44: Summary epoch 62:
train time 10.62
valid time 0.69
train loss 0.03
valid acc dict {
    'loss': 0.1603955328464508,
    'accuracy': 0.9285714285714286,
    'f1_scores': array([0.93023256, 0.92682927]),
    'f1_score_macro': 0.9285309132161089
}
2024-04-26 04:33:44: accuracy increased (0.928571 --> 0.928571).  Saving model ...
2024-04-26 04:33:44: ------------------------------ END - Epoch 62 -------------------------------
2024-04-26 04:33:44: ----------------------------- START - Epoch 63 ------------------------------
2024-04-26 04:33:53: Summary epoch 63:
train time 7.07
valid time 1.11
train loss 0.05
valid acc dict {
    'loss': 0.15721088275313377,
    'accuracy': 0.9285714285714286,
    'f1_scores': array([0.93023256, 0.92682927]),
    'f1_score_macro': 0.9285309132161089
}
2024-04-26 04:33:53: accuracy increased (0.928571 --> 0.928571).  Saving model ...
2024-04-26 04:33:53: ------------------------------ END - Epoch 63 -------------------------------
2024-04-26 04:33:53: ----------------------------- START - Epoch 64 ------------------------------
2024-04-26 04:34:09: Summary epoch 64:
train time 14.00
valid time 1.79
train loss 0.06
valid acc dict {
    'loss': 0.13743305951356888,
    'accuracy': 0.9285714285714286,
    'f1_scores': array([0.93023256, 0.92682927]),
    'f1_score_macro': 0.9285309132161089
}
2024-04-26 04:34:09: accuracy increased (0.928571 --> 0.928571).  Saving model ...
2024-04-26 04:34:09: ------------------------------ END - Epoch 64 -------------------------------
2024-04-26 04:34:09: ----------------------------- START - Epoch 65 ------------------------------
2024-04-26 04:34:19: Summary epoch 65:
train time 9.40
valid time 0.53
train loss 0.06
valid acc dict {
    'loss': 0.1512322574853897,
    'accuracy': 0.9285714285714286,
    'f1_scores': array([0.93023256, 0.92682927]),
    'f1_score_macro': 0.9285309132161089
}
2024-04-26 04:34:19: accuracy increased (0.928571 --> 0.928571).  Saving model ...
2024-04-26 04:34:19: ------------------------------ END - Epoch 65 -------------------------------
2024-04-26 04:34:19: ----------------------------- START - Epoch 66 ------------------------------
2024-04-26 04:34:30: Summary epoch 66:
train time 8.47
valid time 2.34
train loss 0.03
valid acc dict {
    'loss': 0.15008438006043434,
    'accuracy': 0.9285714285714286,
    'f1_scores': array([0.93023256, 0.92682927]),
    'f1_score_macro': 0.9285309132161089
}
2024-04-26 04:34:30: accuracy increased (0.928571 --> 0.928571).  Saving model ...
2024-04-26 04:34:30: ------------------------------ END - Epoch 66 -------------------------------
2024-04-26 04:34:30: ----------------------------- START - Epoch 67 ------------------------------
2024-04-26 04:34:38: Summary epoch 67:
train time 6.72
valid time 0.51
train loss 0.05
valid acc dict {
    'loss': 0.1347162276506424,
    'accuracy': 0.9285714285714286,
    'f1_scores': array([0.93023256, 0.92682927]),
    'f1_score_macro': 0.9285309132161089
}
2024-04-26 04:34:38: accuracy increased (0.928571 --> 0.928571).  Saving model ...
2024-04-26 04:34:38: ------------------------------ END - Epoch 67 -------------------------------
2024-04-26 04:34:38: ----------------------------- START - Epoch 68 ------------------------------
2024-04-26 04:34:48: Summary epoch 68:
train time 9.58
valid time 0.73
train loss 0.04
valid acc dict {
    'loss': 0.13499800488352776,
    'accuracy': 0.9285714285714286,
    'f1_scores': array([0.93023256, 0.92682927]),
    'f1_score_macro': 0.9285309132161089
}
2024-04-26 04:34:48: accuracy increased (0.928571 --> 0.928571).  Saving model ...
2024-04-26 04:34:49: ------------------------------ END - Epoch 68 -------------------------------
2024-04-26 04:34:49: ----------------------------- START - Epoch 69 ------------------------------
2024-04-26 04:34:56: Summary epoch 69:
train time 6.43
valid time 0.65
train loss 0.04
valid acc dict {
    'loss': 0.15788983553647995,
    'accuracy': 0.9285714285714286,
    'f1_scores': array([0.93023256, 0.92682927]),
    'f1_score_macro': 0.9285309132161089
}
2024-04-26 04:34:56: accuracy increased (0.928571 --> 0.928571).  Saving model ...
2024-04-26 04:34:56: ------------------------------ END - Epoch 69 -------------------------------
2024-04-26 04:34:56: ----------------------------- START - Epoch 70 ------------------------------
2024-04-26 04:35:06: Summary epoch 70:
train time 6.84
valid time 3.15
train loss 0.04
valid acc dict {
    'loss': 0.15143191069364548,
    'accuracy': 0.9285714285714286,
    'f1_scores': array([0.93023256, 0.92682927]),
    'f1_score_macro': 0.9285309132161089
}
2024-04-26 04:35:06: accuracy increased (0.928571 --> 0.928571).  Saving model ...
2024-04-26 04:35:06: ------------------------------ END - Epoch 70 -------------------------------
2024-04-26 04:35:06: ----------------------------- START - Epoch 71 ------------------------------
2024-04-26 04:35:16: Summary epoch 71:
train time 8.99
valid time 0.80
train loss 0.06
valid acc dict {
    'loss': 0.1659945398569107,
    'accuracy': 0.9285714285714286,
    'f1_scores': array([0.93023256, 0.92682927]),
    'f1_score_macro': 0.9285309132161089
}
2024-04-26 04:35:16: accuracy increased (0.928571 --> 0.928571).  Saving model ...
2024-04-26 04:35:17: ------------------------------ END - Epoch 71 -------------------------------
2024-04-26 04:35:17: ----------------------------- START - Epoch 72 ------------------------------
2024-04-26 04:35:29: Summary epoch 72:
train time 10.85
valid time 1.02
train loss 0.03
valid acc dict {
    'loss': 0.139476977288723,
    'accuracy': 0.9285714285714286,
    'f1_scores': array([0.93023256, 0.92682927]),
    'f1_score_macro': 0.9285309132161089
}
2024-04-26 04:35:29: accuracy increased (0.928571 --> 0.928571).  Saving model ...
2024-04-26 04:35:29: ------------------------------ END - Epoch 72 -------------------------------
2024-04-26 04:35:29: ----------------------------- START - Epoch 73 ------------------------------
2024-04-26 04:35:42: Summary epoch 73:
train time 10.75
valid time 1.92
train loss 0.07
valid acc dict {
    'loss': 0.1320432536303997,
    'accuracy': 0.9285714285714286,
    'f1_scores': array([0.93023256, 0.92682927]),
    'f1_score_macro': 0.9285309132161089
}
2024-04-26 04:35:42: accuracy increased (0.928571 --> 0.928571).  Saving model ...
2024-04-26 04:35:42: ------------------------------ END - Epoch 73 -------------------------------
2024-04-26 04:35:42: ----------------------------- START - Epoch 74 ------------------------------
2024-04-26 04:35:57: Summary epoch 74:
train time 13.70
valid time 1.44
train loss 0.05
valid acc dict {
    'loss': 0.1424429528415203,
    'accuracy': 0.9285714285714286,
    'f1_scores': array([0.93023256, 0.92682927]),
    'f1_score_macro': 0.9285309132161089
}
2024-04-26 04:35:57: accuracy increased (0.928571 --> 0.928571).  Saving model ...
2024-04-26 04:35:57: ------------------------------ END - Epoch 74 -------------------------------
2024-04-26 04:35:57: ----------------------------- START - Epoch 75 ------------------------------
2024-04-26 04:36:08: Summary epoch 75:
train time 9.71
valid time 0.85
train loss 0.05
valid acc dict {
    'loss': 0.14937517791986465,
    'accuracy': 0.9285714285714286,
    'f1_scores': array([0.93023256, 0.92682927]),
    'f1_score_macro': 0.9285309132161089
}
2024-04-26 04:36:08: accuracy increased (0.928571 --> 0.928571).  Saving model ...
2024-04-26 04:36:08: ------------------------------ END - Epoch 75 -------------------------------
2024-04-26 04:36:08: ----------------------------- START - Epoch 76 ------------------------------
2024-04-26 04:36:16: Summary epoch 76:
train time 7.20
valid time 0.69
train loss 0.08
valid acc dict {
    'loss': 0.13965171948075294,
    'accuracy': 0.9285714285714286,
    'f1_scores': array([0.93023256, 0.92682927]),
    'f1_score_macro': 0.9285309132161089
}
2024-04-26 04:36:16: accuracy increased (0.928571 --> 0.928571).  Saving model ...
2024-04-26 04:36:17: ------------------------------ END - Epoch 76 -------------------------------
2024-04-26 04:36:17: ----------------------------- START - Epoch 77 ------------------------------
2024-04-26 04:36:26: Summary epoch 77:
train time 9.10
valid time 0.37
train loss 0.04
valid acc dict {
    'loss': 0.14285096898674965,
    'accuracy': 0.9285714285714286,
    'f1_scores': array([0.93023256, 0.92682927]),
    'f1_score_macro': 0.9285309132161089
}
2024-04-26 04:36:26: accuracy increased (0.928571 --> 0.928571).  Saving model ...
2024-04-26 04:36:26: ------------------------------ END - Epoch 77 -------------------------------
2024-04-26 04:36:26: ----------------------------- START - Epoch 78 ------------------------------
2024-04-26 04:36:35: Summary epoch 78:
train time 8.55
valid time 0.50
train loss 0.04
valid acc dict {
    'loss': 0.15271146968007088,
    'accuracy': 0.9285714285714286,
    'f1_scores': array([0.93023256, 0.92682927]),
    'f1_score_macro': 0.9285309132161089
}
2024-04-26 04:36:35: accuracy increased (0.928571 --> 0.928571).  Saving model ...
2024-04-26 04:36:36: ------------------------------ END - Epoch 78 -------------------------------
2024-04-26 04:36:36: ----------------------------- START - Epoch 79 ------------------------------
2024-04-26 04:36:43: Summary epoch 79:
train time 6.04
valid time 0.88
train loss 0.04
valid acc dict {
    'loss': 0.14582915604114532,
    'accuracy': 0.9285714285714286,
    'f1_scores': array([0.93023256, 0.92682927]),
    'f1_score_macro': 0.9285309132161089
}
2024-04-26 04:36:43: accuracy increased (0.928571 --> 0.928571).  Saving model ...
2024-04-26 04:36:43: ------------------------------ END - Epoch 79 -------------------------------
2024-04-26 04:36:43: ----------------------------- START - Epoch 80 ------------------------------
2024-04-26 04:36:53: Summary epoch 80:
train time 8.47
valid time 1.15
train loss 0.06
valid acc dict {
    'loss': 0.16754547506570816,
    'accuracy': 0.9285714285714286,
    'f1_scores': array([0.93023256, 0.92682927]),
    'f1_score_macro': 0.9285309132161089
}
2024-04-26 04:36:53: accuracy increased (0.928571 --> 0.928571).  Saving model ...
2024-04-26 04:36:53: ------------------------------ END - Epoch 80 -------------------------------
2024-04-26 04:36:53: ----------------------------- START - Epoch 81 ------------------------------
2024-04-26 04:37:03: Summary epoch 81:
train time 8.90
valid time 1.21
train loss 0.05
valid acc dict {
    'loss': 0.15034772083163261,
    'accuracy': 0.9285714285714286,
    'f1_scores': array([0.93023256, 0.92682927]),
    'f1_score_macro': 0.9285309132161089
}
2024-04-26 04:37:03: accuracy increased (0.928571 --> 0.928571).  Saving model ...
2024-04-26 04:37:03: ------------------------------ END - Epoch 81 -------------------------------
2024-04-26 04:37:03: ----------------------------- START - Epoch 82 ------------------------------
2024-04-26 04:37:11: Summary epoch 82:
train time 7.75
valid time 0.44
train loss 0.04
valid acc dict {
    'loss': 0.1319054178893566,
    'accuracy': 0.9285714285714286,
    'f1_scores': array([0.93023256, 0.92682927]),
    'f1_score_macro': 0.9285309132161089
}
2024-04-26 04:37:11: accuracy increased (0.928571 --> 0.928571).  Saving model ...
2024-04-26 04:37:12: ------------------------------ END - Epoch 82 -------------------------------
2024-04-26 04:37:12: ----------------------------- START - Epoch 83 ------------------------------
2024-04-26 04:37:18: Summary epoch 83:
train time 5.64
valid time 1.00
train loss 0.07
valid acc dict {
    'loss': 0.15436116978526115,
    'accuracy': 0.9285714285714286,
    'f1_scores': array([0.93023256, 0.92682927]),
    'f1_score_macro': 0.9285309132161089
}
2024-04-26 04:37:18: accuracy increased (0.928571 --> 0.928571).  Saving model ...
2024-04-26 04:37:19: ------------------------------ END - Epoch 83 -------------------------------
2024-04-26 04:37:19: ----------------------------- START - Epoch 84 ------------------------------
2024-04-26 04:37:27: Summary epoch 84:
train time 8.11
valid time 0.39
train loss 0.04
valid acc dict {
    'loss': 0.1480516940355301,
    'accuracy': 0.9285714285714286,
    'f1_scores': array([0.93023256, 0.92682927]),
    'f1_score_macro': 0.9285309132161089
}
2024-04-26 04:37:27: accuracy increased (0.928571 --> 0.928571).  Saving model ...
2024-04-26 04:37:27: ------------------------------ END - Epoch 84 -------------------------------
2024-04-26 04:37:27: ----------------------------- START - Epoch 85 ------------------------------
2024-04-26 04:37:35: Summary epoch 85:
train time 6.85
valid time 1.11
train loss 0.05
valid acc dict {
    'loss': 0.1567411944270134,
    'accuracy': 0.9285714285714286,
    'f1_scores': array([0.93023256, 0.92682927]),
    'f1_score_macro': 0.9285309132161089
}
2024-04-26 04:37:35: accuracy increased (0.928571 --> 0.928571).  Saving model ...
2024-04-26 04:37:36: ------------------------------ END - Epoch 85 -------------------------------
2024-04-26 04:37:36: ----------------------------- START - Epoch 86 ------------------------------
2024-04-26 04:37:42: Summary epoch 86:
train time 6.53
valid time 0.37
train loss 0.06
valid acc dict {
    'loss': 0.14530448243021965,
    'accuracy': 0.9285714285714286,
    'f1_scores': array([0.93023256, 0.92682927]),
    'f1_score_macro': 0.9285309132161089
}
2024-04-26 04:37:42: accuracy increased (0.928571 --> 0.928571).  Saving model ...
2024-04-26 04:37:43: ------------------------------ END - Epoch 86 -------------------------------
2024-04-26 04:37:43: ----------------------------- START - Epoch 87 ------------------------------
2024-04-26 04:37:52: Summary epoch 87:
train time 8.68
valid time 0.70
train loss 0.06
valid acc dict {
    'loss': 0.14075779542326927,
    'accuracy': 0.9285714285714286,
    'f1_scores': array([0.93023256, 0.92682927]),
    'f1_score_macro': 0.9285309132161089
}
2024-04-26 04:37:52: accuracy increased (0.928571 --> 0.928571).  Saving model ...
2024-04-26 04:37:52: ------------------------------ END - Epoch 87 -------------------------------
2024-04-26 04:37:52: ----------------------------- START - Epoch 88 ------------------------------
2024-04-26 04:38:02: Summary epoch 88:
train time 8.99
valid time 0.54
train loss 0.06
valid acc dict {
    'loss': 0.1436520665884018,
    'accuracy': 0.9285714285714286,
    'f1_scores': array([0.93023256, 0.92682927]),
    'f1_score_macro': 0.9285309132161089
}
2024-04-26 04:38:02: accuracy increased (0.928571 --> 0.928571).  Saving model ...
2024-04-26 04:38:02: ------------------------------ END - Epoch 88 -------------------------------
2024-04-26 04:38:02: ----------------------------- START - Epoch 89 ------------------------------
2024-04-26 04:38:10: Summary epoch 89:
train time 7.22
valid time 0.72
train loss 0.02
valid acc dict {
    'loss': 0.14256610348820686,
    'accuracy': 0.9285714285714286,
    'f1_scores': array([0.93023256, 0.92682927]),
    'f1_score_macro': 0.9285309132161089
}
2024-04-26 04:38:10: accuracy increased (0.928571 --> 0.928571).  Saving model ...
2024-04-26 04:38:10: ------------------------------ END - Epoch 89 -------------------------------
2024-04-26 04:38:10: ----------------------------- START - Epoch 90 ------------------------------
2024-04-26 04:38:17: Summary epoch 90:
train time 5.57
valid time 0.75
train loss 0.05
valid acc dict {
    'loss': 0.1589168719947338,
    'accuracy': 0.9285714285714286,
    'f1_scores': array([0.93023256, 0.92682927]),
    'f1_score_macro': 0.9285309132161089
}
2024-04-26 04:38:17: accuracy increased (0.928571 --> 0.928571).  Saving model ...
2024-04-26 04:38:17: ------------------------------ END - Epoch 90 -------------------------------
2024-04-26 04:38:17: ----------------------------- START - Epoch 91 ------------------------------
2024-04-26 04:38:24: Summary epoch 91:
train time 6.51
valid time 0.77
train loss 0.04
valid acc dict {
    'loss': 0.14785193279385567,
    'accuracy': 0.9285714285714286,
    'f1_scores': array([0.93023256, 0.92682927]),
    'f1_score_macro': 0.9285309132161089
}
2024-04-26 04:38:24: accuracy increased (0.928571 --> 0.928571).  Saving model ...
2024-04-26 04:38:25: ------------------------------ END - Epoch 91 -------------------------------
2024-04-26 04:38:25: ----------------------------- START - Epoch 92 ------------------------------
2024-04-26 04:38:33: Summary epoch 92:
train time 7.88
valid time 0.55
train loss 0.06
valid acc dict {
    'loss': 0.1426035687327385,
    'accuracy': 0.9285714285714286,
    'f1_scores': array([0.93023256, 0.92682927]),
    'f1_score_macro': 0.9285309132161089
}
2024-04-26 04:38:33: accuracy increased (0.928571 --> 0.928571).  Saving model ...
2024-04-26 04:38:34: ------------------------------ END - Epoch 92 -------------------------------
2024-04-26 04:38:34: ----------------------------- START - Epoch 93 ------------------------------
2024-04-26 04:38:43: Summary epoch 93:
train time 7.60
valid time 1.58
train loss 0.05
valid acc dict {
    'loss': 0.14101485535502434,
    'accuracy': 0.9285714285714286,
    'f1_scores': array([0.93023256, 0.92682927]),
    'f1_score_macro': 0.9285309132161089
}
2024-04-26 04:38:43: accuracy increased (0.928571 --> 0.928571).  Saving model ...
2024-04-26 04:38:44: ------------------------------ END - Epoch 93 -------------------------------
2024-04-26 04:38:44: ----------------------------- START - Epoch 94 ------------------------------
2024-04-26 04:38:52: Summary epoch 94:
train time 7.51
valid time 0.38
train loss 0.05
valid acc dict {
    'loss': 0.15216564759612083,
    'accuracy': 0.9285714285714286,
    'f1_scores': array([0.93023256, 0.92682927]),
    'f1_score_macro': 0.9285309132161089
}
2024-04-26 04:38:52: accuracy increased (0.928571 --> 0.928571).  Saving model ...
2024-04-26 04:38:52: ------------------------------ END - Epoch 94 -------------------------------
2024-04-26 04:38:52: ----------------------------- START - Epoch 95 ------------------------------
2024-04-26 04:38:58: Summary epoch 95:
train time 5.56
valid time 0.54
train loss 0.06
valid acc dict {
    'loss': 0.148831307888031,
    'accuracy': 0.9285714285714286,
    'f1_scores': array([0.93023256, 0.92682927]),
    'f1_score_macro': 0.9285309132161089
}
2024-04-26 04:38:58: accuracy increased (0.928571 --> 0.928571).  Saving model ...
2024-04-26 04:38:58: ------------------------------ END - Epoch 95 -------------------------------
2024-04-26 04:38:58: ----------------------------- START - Epoch 96 ------------------------------
2024-04-26 04:39:10: Summary epoch 96:
train time 11.08
valid time 0.79
train loss 0.05
valid acc dict {
    'loss': 0.13418158516287804,
    'accuracy': 0.9285714285714286,
    'f1_scores': array([0.93023256, 0.92682927]),
    'f1_score_macro': 0.9285309132161089
}
2024-04-26 04:39:10: accuracy increased (0.928571 --> 0.928571).  Saving model ...
2024-04-26 04:39:10: ------------------------------ END - Epoch 96 -------------------------------
2024-04-26 04:39:10: ----------------------------- START - Epoch 97 ------------------------------
2024-04-26 04:39:21: Summary epoch 97:
train time 9.60
valid time 0.46
train loss 0.04
valid acc dict {
    'loss': 0.1372770182788372,
    'accuracy': 0.9285714285714286,
    'f1_scores': array([0.93023256, 0.92682927]),
    'f1_score_macro': 0.9285309132161089
}
2024-04-26 04:39:21: accuracy increased (0.928571 --> 0.928571).  Saving model ...
2024-04-26 04:39:21: ------------------------------ END - Epoch 97 -------------------------------
2024-04-26 04:39:21: ----------------------------- START - Epoch 98 ------------------------------
2024-04-26 04:39:29: Summary epoch 98:
train time 8.02
valid time 0.50
train loss 0.07
valid acc dict {
    'loss': 0.1356719359755516,
    'accuracy': 0.9285714285714286,
    'f1_scores': array([0.93023256, 0.92682927]),
    'f1_score_macro': 0.9285309132161089
}
2024-04-26 04:39:29: accuracy increased (0.928571 --> 0.928571).  Saving model ...
2024-04-26 04:39:30: ------------------------------ END - Epoch 98 -------------------------------
2024-04-26 04:39:30: ----------------------------- START - Epoch 99 ------------------------------
2024-04-26 04:39:39: Summary epoch 99:
train time 8.25
valid time 0.78
train loss 0.06
valid acc dict {
    'loss': 0.14492802321910858,
    'accuracy': 0.9285714285714286,
    'f1_scores': array([0.93023256, 0.92682927]),
    'f1_score_macro': 0.9285309132161089
}
2024-04-26 04:39:39: accuracy increased (0.928571 --> 0.928571).  Saving model ...
2024-04-26 04:39:39: ------------------------------ END - Epoch 99 -------------------------------
